2020-02-29 13:45:44,361 [INFO] [main] com.lietou.LietouApplication [StartupInfoLogger.java : 55] Starting LietouApplication on DESKTOP-97L64NN with PID 8428 (started by zhanjia in E:\新建文件夹 (2)\lietou\headhunters)
2020-02-29 13:45:44,378 [INFO] [main] com.lietou.LietouApplication [SpringApplication.java : 651] No active profile set, falling back to default profiles: default
2020-02-29 13:45:45,973 [INFO] [main] o.s.data.repository.config.RepositoryConfigurationDelegate [RepositoryConfigurationDelegate.java : 249] Multiple Spring Data modules found, entering strict repository configuration mode!
2020-02-29 13:45:45,977 [INFO] [main] o.s.data.repository.config.RepositoryConfigurationDelegate [RepositoryConfigurationDelegate.java : 127] Bootstrapping Spring Data Redis repositories in DEFAULT mode.
2020-02-29 13:45:46,058 [INFO] [main] o.s.data.repository.config.RepositoryConfigurationDelegate [RepositoryConfigurationDelegate.java : 187] Finished Spring Data repository scanning in 59ms. Found 0 Redis repository interfaces.
2020-02-29 13:45:46,268 [INFO] [main] o.s.context.annotation.ConfigurationClassPostProcessor [ConfigurationClassPostProcessor.java : 403] Cannot enhance @Configuration bean definition 'myBatisMapperScannerConfig' since its singleton instance has been created too early. The typical cause is a non-static @Bean method with a BeanDefinitionRegistryPostProcessor return type: Consider declaring such methods as 'static'.
2020-02-29 13:45:46,558 [INFO] [main] o.s.c.s.PostProcessorRegistrationDelegate$BeanPostProcessorChecker [PostProcessorRegistrationDelegate.java : 330] Bean 'asyncConfig' of type [com.lietou.AsyncConfig$$EnhancerBySpringCGLIB$$f103ca2c] is not eligible for getting processed by all BeanPostProcessors (for example: not eligible for auto-proxying)
2020-02-29 13:45:46,632 [INFO] [main] o.s.c.s.PostProcessorRegistrationDelegate$BeanPostProcessorChecker [PostProcessorRegistrationDelegate.java : 330] Bean 'org.springframework.boot.autoconfigure.jdbc.DataSourceConfiguration$Generic' of type [org.springframework.boot.autoconfigure.jdbc.DataSourceConfiguration$Generic] is not eligible for getting processed by all BeanPostProcessors (for example: not eligible for auto-proxying)
2020-02-29 13:45:46,683 [INFO] [main] o.s.c.s.PostProcessorRegistrationDelegate$BeanPostProcessorChecker [PostProcessorRegistrationDelegate.java : 330] Bean 'spring.datasource-org.springframework.boot.autoconfigure.jdbc.DataSourceProperties' of type [org.springframework.boot.autoconfigure.jdbc.DataSourceProperties] is not eligible for getting processed by all BeanPostProcessors (for example: not eligible for auto-proxying)
2020-02-29 13:45:46,804 [INFO] [main] o.s.c.s.PostProcessorRegistrationDelegate$BeanPostProcessorChecker [PostProcessorRegistrationDelegate.java : 330] Bean 'dataSource' of type [com.alibaba.druid.pool.DruidDataSource] is not eligible for getting processed by all BeanPostProcessors (for example: not eligible for auto-proxying)
2020-02-29 13:45:46,814 [INFO] [main] o.s.c.s.PostProcessorRegistrationDelegate$BeanPostProcessorChecker [PostProcessorRegistrationDelegate.java : 330] Bean 'org.springframework.boot.autoconfigure.jdbc.DataSourceInitializerInvoker' of type [org.springframework.boot.autoconfigure.jdbc.DataSourceInitializerInvoker] is not eligible for getting processed by all BeanPostProcessors (for example: not eligible for auto-proxying)
2020-02-29 13:45:46,842 [INFO] [main] o.s.c.s.PostProcessorRegistrationDelegate$BeanPostProcessorChecker [PostProcessorRegistrationDelegate.java : 330] Bean 'myBatisConfig' of type [com.lietou.MyBatisConfig$$EnhancerBySpringCGLIB$$36fe73c3] is not eligible for getting processed by all BeanPostProcessors (for example: not eligible for auto-proxying)
2020-02-29 13:45:46,876 [INFO] [main] o.s.c.s.PostProcessorRegistrationDelegate$BeanPostProcessorChecker [PostProcessorRegistrationDelegate.java : 330] Bean 'annotationDrivenTransactionManager' of type [org.springframework.jdbc.datasource.DataSourceTransactionManager] is not eligible for getting processed by all BeanPostProcessors (for example: not eligible for auto-proxying)
2020-02-29 13:45:46,880 [INFO] [main] o.s.c.s.PostProcessorRegistrationDelegate$BeanPostProcessorChecker [PostProcessorRegistrationDelegate.java : 330] Bean 'org.springframework.transaction.annotation.ProxyTransactionManagementConfiguration' of type [org.springframework.transaction.annotation.ProxyTransactionManagementConfiguration] is not eligible for getting processed by all BeanPostProcessors (for example: not eligible for auto-proxying)
2020-02-29 13:45:48,004 [INFO] [main] org.springframework.boot.web.embedded.tomcat.TomcatWebServer [TomcatWebServer.java : 92] Tomcat initialized with port(s): 8080 (http)
2020-02-29 13:45:48,019 [INFO] [main] org.apache.catalina.core.StandardService [DirectJDKLog.java : 173] Starting service [Tomcat]
2020-02-29 13:45:48,019 [INFO] [main] org.apache.catalina.core.StandardEngine [DirectJDKLog.java : 173] Starting Servlet engine: [Apache Tomcat/9.0.30]
2020-02-29 13:45:48,124 [INFO] [main] o.a.catalina.core.ContainerBase.[Tomcat].[localhost].[/] [DirectJDKLog.java : 173] Initializing Spring embedded WebApplicationContext
2020-02-29 13:45:48,124 [INFO] [main] org.springframework.web.context.ContextLoader [ServletWebServerApplicationContext.java : 284] Root WebApplicationContext: initialization completed in 3676 ms
2020-02-29 13:45:49,991 [INFO] [main] o.s.scheduling.concurrent.ThreadPoolTaskExecutor [ExecutorConfigurationSupport.java : 171] Initializing ExecutorService 'applicationTaskExecutor'
2020-02-29 13:45:50,689 [INFO] [main] org.springframework.boot.web.embedded.tomcat.TomcatWebServer [TomcatWebServer.java : 204] Tomcat started on port(s): 8080 (http) with context path ''
2020-02-29 13:45:50,696 [INFO] [main] com.lietou.LietouApplication [StartupInfoLogger.java : 61] Started LietouApplication in 6.851 seconds (JVM running for 9.75)
2020-02-29 13:47:43,793 [INFO] [http-nio-8080-exec-2] o.a.catalina.core.ContainerBase.[Tomcat].[localhost].[/] [DirectJDKLog.java : 173] Initializing Spring DispatcherServlet 'dispatcherServlet'
2020-02-29 13:47:43,793 [INFO] [http-nio-8080-exec-2] org.springframework.web.servlet.DispatcherServlet [FrameworkServlet.java : 525] Initializing Servlet 'dispatcherServlet'
2020-02-29 13:47:43,800 [INFO] [http-nio-8080-exec-2] org.springframework.web.servlet.DispatcherServlet [FrameworkServlet.java : 547] Completed initialization in 7 ms
2020-02-29 13:47:43,807 [INFO] [http-nio-8080-exec-2] com.lietou.filter.AuthenticationFilter [AuthenticationFilter.java : 58] /custom/addRemark
2020-02-29 13:47:44,329 [INFO] [http-nio-8080-exec-2] com.alibaba.druid.pool.DruidDataSource [DruidDataSource.java : 930] {dataSource-1} inited
2020-02-29 13:47:44,758 [DEBUG] [http-nio-8080-exec-2] com.lietou.mapper.RemarkMapper.insertSelective [BaseJdbcLogger.java : 143] ==>  Preparing: insert into t_remark ( business_id, business_type, category, remark1, remark2, remark3, remark4, remark5, create_time, creater_id, c_id ) values ( ?, ?, ?, ?, ?, ?, ?, ?, ?, ?, ? ) 
2020-02-29 13:47:44,787 [DEBUG] [http-nio-8080-exec-2] com.lietou.mapper.RemarkMapper.insertSelective [BaseJdbcLogger.java : 143] ==> Parameters: 6(Long), custom(String), basic(String), remark1(String), remark2(String), remark3(String), remark4(String), remark5(String), 20200229134744(String), 1(Long), 1(Long)
2020-02-29 13:47:44,821 [DEBUG] [http-nio-8080-exec-2] com.lietou.mapper.RemarkMapper.insertSelective [BaseJdbcLogger.java : 143] <==    Updates: 1
2020-02-29 13:47:44,825 [DEBUG] [http-nio-8080-exec-2] com.lietou.mapper.RemarkMapper.insertSelective!selectKey [BaseJdbcLogger.java : 143] ==>  Preparing: SELECT LAST_INSERT_ID() 
2020-02-29 13:47:44,826 [DEBUG] [http-nio-8080-exec-2] com.lietou.mapper.RemarkMapper.insertSelective!selectKey [BaseJdbcLogger.java : 143] ==> Parameters: 
2020-02-29 13:47:44,875 [DEBUG] [http-nio-8080-exec-2] com.lietou.mapper.RemarkMapper.insertSelective!selectKey [BaseJdbcLogger.java : 143] <==      Total: 1
2020-02-29 13:47:44,877 [DEBUG] [http-nio-8080-exec-2] com.lietou.mapper.CustomMapper.resetRemarkCount [BaseJdbcLogger.java : 143] ==>  Preparing: update t_custom set remark_count = (select count(1) from t_remark where business_id=? and business_type=? and c_id=? ) where id= ? 
2020-02-29 13:47:44,878 [DEBUG] [http-nio-8080-exec-2] com.lietou.mapper.CustomMapper.resetRemarkCount [BaseJdbcLogger.java : 143] ==> Parameters: 6(Long), custom(String), 1(Long), 6(Long)
2020-02-29 13:47:44,911 [DEBUG] [http-nio-8080-exec-2] com.lietou.mapper.CustomMapper.resetRemarkCount [BaseJdbcLogger.java : 143] <==    Updates: 1
2020-02-29 13:48:24,524 [INFO] [http-nio-8080-exec-3] com.lietou.filter.AuthenticationFilter [AuthenticationFilter.java : 58] /custom/addRemark
2020-02-29 13:48:24,543 [DEBUG] [http-nio-8080-exec-3] com.lietou.mapper.RemarkMapper.insertSelective [BaseJdbcLogger.java : 143] ==>  Preparing: insert into t_remark ( business_id, business_type, category, remark1, remark2, remark3, remark4, remark5, create_time, creater_id, c_id ) values ( ?, ?, ?, ?, ?, ?, ?, ?, ?, ?, ? ) 
2020-02-29 13:48:24,545 [DEBUG] [http-nio-8080-exec-3] com.lietou.mapper.RemarkMapper.insertSelective [BaseJdbcLogger.java : 143] ==> Parameters: 6(Long), custom(String), basic(String), remark1(String), remark2(String), remark3(String), remark4(String), remark5(String), 20200229134824(String), 1(Long), 1(Long)
2020-02-29 13:48:24,698 [ERROR] [http-nio-8080-exec-3] o.a.c.c.C.[Tomcat].[localhost].[/].[dispatcherServlet] [DirectJDKLog.java : 175] Servlet.service() for servlet [dispatcherServlet] in context with path [] threw exception [Request processing failed; nested exception is org.springframework.dao.DuplicateKeyException: 
### Error updating database.  Cause: java.sql.SQLIntegrityConstraintViolationException: Duplicate entry '6-custom-1' for key 'remark_business'
### The error may exist in file [E:\新建文件夹 (2)\lietou\headhunters\target\classes\com\lietou\mapper\RemarkMapper.xml]
### The error may involve com.lietou.mapper.RemarkMapper.insertSelective-Inline
### The error occurred while setting parameters
### SQL: insert into t_remark      ( business_id,                       business_type,                       category,                       remark1,                       remark2,                       remark3,                       remark4,                       remark5,                              create_time,                       creater_id,                       c_id )       values ( ?,                       ?,                       ?,                       ?,                       ?,                       ?,                       ?,                       ?,                              ?,                       ?,                       ? )
### Cause: java.sql.SQLIntegrityConstraintViolationException: Duplicate entry '6-custom-1' for key 'remark_business'
; Duplicate entry '6-custom-1' for key 'remark_business'; nested exception is java.sql.SQLIntegrityConstraintViolationException: Duplicate entry '6-custom-1' for key 'remark_business'] with root cause
java.sql.SQLIntegrityConstraintViolationException: Duplicate entry '6-custom-1' for key 'remark_business'
	at com.mysql.cj.jdbc.exceptions.SQLError.createSQLException(SQLError.java:117)
	at com.mysql.cj.jdbc.exceptions.SQLError.createSQLException(SQLError.java:97)
	at com.mysql.cj.jdbc.exceptions.SQLExceptionsMapping.translateException(SQLExceptionsMapping.java:122)
	at com.mysql.cj.jdbc.ClientPreparedStatement.executeInternal(ClientPreparedStatement.java:953)
	at com.mysql.cj.jdbc.ClientPreparedStatement.execute(ClientPreparedStatement.java:370)
	at com.alibaba.druid.pool.DruidPooledPreparedStatement.execute(DruidPooledPreparedStatement.java:498)
	at sun.reflect.NativeMethodAccessorImpl.invoke0(Native Method)
	at sun.reflect.NativeMethodAccessorImpl.invoke(NativeMethodAccessorImpl.java:62)
	at sun.reflect.DelegatingMethodAccessorImpl.invoke(DelegatingMethodAccessorImpl.java:43)
	at java.lang.reflect.Method.invoke(Method.java:498)
	at org.apache.ibatis.logging.jdbc.PreparedStatementLogger.invoke(PreparedStatementLogger.java:59)
	at com.sun.proxy.$Proxy93.execute(Unknown Source)
	at org.apache.ibatis.executor.statement.PreparedStatementHandler.update(PreparedStatementHandler.java:47)
	at org.apache.ibatis.executor.statement.RoutingStatementHandler.update(RoutingStatementHandler.java:74)
	at org.apache.ibatis.executor.SimpleExecutor.doUpdate(SimpleExecutor.java:50)
	at org.apache.ibatis.executor.BaseExecutor.update(BaseExecutor.java:117)
	at org.apache.ibatis.executor.CachingExecutor.update(CachingExecutor.java:76)
	at org.apache.ibatis.session.defaults.DefaultSqlSession.update(DefaultSqlSession.java:197)
	at org.apache.ibatis.session.defaults.DefaultSqlSession.insert(DefaultSqlSession.java:184)
	at sun.reflect.NativeMethodAccessorImpl.invoke0(Native Method)
	at sun.reflect.NativeMethodAccessorImpl.invoke(NativeMethodAccessorImpl.java:62)
	at sun.reflect.DelegatingMethodAccessorImpl.invoke(DelegatingMethodAccessorImpl.java:43)
	at java.lang.reflect.Method.invoke(Method.java:498)
	at org.mybatis.spring.SqlSessionTemplate$SqlSessionInterceptor.invoke(SqlSessionTemplate.java:426)
	at com.sun.proxy.$Proxy67.insert(Unknown Source)
	at org.mybatis.spring.SqlSessionTemplate.insert(SqlSessionTemplate.java:271)
	at org.apache.ibatis.binding.MapperMethod.execute(MapperMethod.java:62)
	at org.apache.ibatis.binding.MapperProxy.invoke(MapperProxy.java:93)
	at com.sun.proxy.$Proxy72.insertSelective(Unknown Source)
	at com.lietou.service.impl.CustomServiceImpl.addRemark(CustomServiceImpl.java:140)
	at com.lietou.service.impl.CustomServiceImpl$$FastClassBySpringCGLIB$$7114861e.invoke(<generated>)
	at org.springframework.cglib.proxy.MethodProxy.invoke(MethodProxy.java:218)
	at org.springframework.aop.framework.CglibAopProxy$CglibMethodInvocation.invokeJoinpoint(CglibAopProxy.java:769)
	at org.springframework.aop.framework.ReflectiveMethodInvocation.proceed(ReflectiveMethodInvocation.java:163)
	at org.springframework.aop.framework.CglibAopProxy$CglibMethodInvocation.proceed(CglibAopProxy.java:747)
	at org.springframework.transaction.interceptor.TransactionAspectSupport.invokeWithinTransaction(TransactionAspectSupport.java:366)
	at org.springframework.transaction.interceptor.TransactionInterceptor.invoke(TransactionInterceptor.java:99)
	at org.springframework.aop.framework.ReflectiveMethodInvocation.proceed(ReflectiveMethodInvocation.java:186)
	at org.springframework.aop.framework.CglibAopProxy$CglibMethodInvocation.proceed(CglibAopProxy.java:747)
	at org.springframework.aop.framework.CglibAopProxy$DynamicAdvisedInterceptor.intercept(CglibAopProxy.java:689)
	at com.lietou.service.impl.CustomServiceImpl$$EnhancerBySpringCGLIB$$ced8fc98.addRemark(<generated>)
	at com.lietou.controller.CustomController.addRemark(CustomController.java:88)
	at sun.reflect.NativeMethodAccessorImpl.invoke0(Native Method)
	at sun.reflect.NativeMethodAccessorImpl.invoke(NativeMethodAccessorImpl.java:62)
	at sun.reflect.DelegatingMethodAccessorImpl.invoke(DelegatingMethodAccessorImpl.java:43)
	at java.lang.reflect.Method.invoke(Method.java:498)
	at org.springframework.web.method.support.InvocableHandlerMethod.doInvoke(InvocableHandlerMethod.java:190)
	at org.springframework.web.method.support.InvocableHandlerMethod.invokeForRequest(InvocableHandlerMethod.java:138)
	at org.springframework.web.servlet.mvc.method.annotation.ServletInvocableHandlerMethod.invokeAndHandle(ServletInvocableHandlerMethod.java:106)
	at org.springframework.web.servlet.mvc.method.annotation.RequestMappingHandlerAdapter.invokeHandlerMethod(RequestMappingHandlerAdapter.java:888)
	at org.springframework.web.servlet.mvc.method.annotation.RequestMappingHandlerAdapter.handleInternal(RequestMappingHandlerAdapter.java:793)
	at org.springframework.web.servlet.mvc.method.AbstractHandlerMethodAdapter.handle(AbstractHandlerMethodAdapter.java:87)
	at org.springframework.web.servlet.DispatcherServlet.doDispatch(DispatcherServlet.java:1040)
	at org.springframework.web.servlet.DispatcherServlet.doService(DispatcherServlet.java:943)
	at org.springframework.web.servlet.FrameworkServlet.processRequest(FrameworkServlet.java:1006)
	at org.springframework.web.servlet.FrameworkServlet.doPost(FrameworkServlet.java:909)
	at javax.servlet.http.HttpServlet.service(HttpServlet.java:660)
	at org.springframework.web.servlet.FrameworkServlet.service(FrameworkServlet.java:883)
	at javax.servlet.http.HttpServlet.service(HttpServlet.java:741)
	at org.apache.catalina.core.ApplicationFilterChain.internalDoFilter(ApplicationFilterChain.java:231)
	at org.apache.catalina.core.ApplicationFilterChain.doFilter(ApplicationFilterChain.java:166)
	at org.apache.tomcat.websocket.server.WsFilter.doFilter(WsFilter.java:53)
	at org.apache.catalina.core.ApplicationFilterChain.internalDoFilter(ApplicationFilterChain.java:193)
	at org.apache.catalina.core.ApplicationFilterChain.doFilter(ApplicationFilterChain.java:166)
	at com.lietou.filter.AuthenticationFilter.doFilter(AuthenticationFilter.java:82)
	at org.apache.catalina.core.ApplicationFilterChain.internalDoFilter(ApplicationFilterChain.java:193)
	at org.apache.catalina.core.ApplicationFilterChain.doFilter(ApplicationFilterChain.java:166)
	at org.springframework.web.filter.RequestContextFilter.doFilterInternal(RequestContextFilter.java:100)
	at org.springframework.web.filter.OncePerRequestFilter.doFilter(OncePerRequestFilter.java:119)
	at org.apache.catalina.core.ApplicationFilterChain.internalDoFilter(ApplicationFilterChain.java:193)
	at org.apache.catalina.core.ApplicationFilterChain.doFilter(ApplicationFilterChain.java:166)
	at org.springframework.web.filter.FormContentFilter.doFilterInternal(FormContentFilter.java:93)
	at org.springframework.web.filter.OncePerRequestFilter.doFilter(OncePerRequestFilter.java:119)
	at org.apache.catalina.core.ApplicationFilterChain.internalDoFilter(ApplicationFilterChain.java:193)
	at org.apache.catalina.core.ApplicationFilterChain.doFilter(ApplicationFilterChain.java:166)
	at org.springframework.web.filter.CharacterEncodingFilter.doFilterInternal(CharacterEncodingFilter.java:201)
	at org.springframework.web.filter.OncePerRequestFilter.doFilter(OncePerRequestFilter.java:119)
	at org.apache.catalina.core.ApplicationFilterChain.internalDoFilter(ApplicationFilterChain.java:193)
	at org.apache.catalina.core.ApplicationFilterChain.doFilter(ApplicationFilterChain.java:166)
	at org.apache.catalina.core.StandardWrapperValve.invoke(StandardWrapperValve.java:202)
	at org.apache.catalina.core.StandardContextValve.invoke(StandardContextValve.java:96)
	at org.apache.catalina.authenticator.AuthenticatorBase.invoke(AuthenticatorBase.java:541)
	at org.apache.catalina.core.StandardHostValve.invoke(StandardHostValve.java:139)
	at org.apache.catalina.valves.ErrorReportValve.invoke(ErrorReportValve.java:92)
	at org.apache.catalina.core.StandardEngineValve.invoke(StandardEngineValve.java:74)
	at org.apache.catalina.connector.CoyoteAdapter.service(CoyoteAdapter.java:343)
	at org.apache.coyote.http11.Http11Processor.service(Http11Processor.java:367)
	at org.apache.coyote.AbstractProcessorLight.process(AbstractProcessorLight.java:65)
	at org.apache.coyote.AbstractProtocol$ConnectionHandler.process(AbstractProtocol.java:860)
	at org.apache.tomcat.util.net.NioEndpoint$SocketProcessor.doRun(NioEndpoint.java:1598)
	at org.apache.tomcat.util.net.SocketProcessorBase.run(SocketProcessorBase.java:49)
	at java.util.concurrent.ThreadPoolExecutor.runWorker(ThreadPoolExecutor.java:1149)
	at java.util.concurrent.ThreadPoolExecutor$Worker.run(ThreadPoolExecutor.java:624)
	at org.apache.tomcat.util.threads.TaskThread$WrappingRunnable.run(TaskThread.java:61)
	at java.lang.Thread.run(Thread.java:748)
2020-02-29 13:49:45,762 [INFO] [http-nio-8080-exec-5] com.lietou.filter.AuthenticationFilter [AuthenticationFilter.java : 58] /custom/addRemark
2020-02-29 13:49:45,807 [DEBUG] [http-nio-8080-exec-5] com.lietou.mapper.RemarkMapper.insertSelective [BaseJdbcLogger.java : 143] ==>  Preparing: insert into t_remark ( business_id, business_type, category, remark1, remark2, remark3, remark4, remark5, create_time, creater_id, c_id ) values ( ?, ?, ?, ?, ?, ?, ?, ?, ?, ?, ? ) 
2020-02-29 13:49:45,808 [DEBUG] [http-nio-8080-exec-5] com.lietou.mapper.RemarkMapper.insertSelective [BaseJdbcLogger.java : 143] ==> Parameters: 6(Long), custom(String), basic(String), remark1(String), remark2(String), remark3(String), remark4(String), remark5(String), 20200229134945(String), 1(Long), 1(Long)
2020-02-29 13:49:45,838 [DEBUG] [http-nio-8080-exec-5] com.lietou.mapper.RemarkMapper.insertSelective [BaseJdbcLogger.java : 143] <==    Updates: 1
2020-02-29 13:49:45,839 [DEBUG] [http-nio-8080-exec-5] com.lietou.mapper.RemarkMapper.insertSelective!selectKey [BaseJdbcLogger.java : 143] ==>  Preparing: SELECT LAST_INSERT_ID() 
2020-02-29 13:49:45,840 [DEBUG] [http-nio-8080-exec-5] com.lietou.mapper.RemarkMapper.insertSelective!selectKey [BaseJdbcLogger.java : 143] ==> Parameters: 
2020-02-29 13:49:45,860 [DEBUG] [http-nio-8080-exec-5] com.lietou.mapper.RemarkMapper.insertSelective!selectKey [BaseJdbcLogger.java : 143] <==      Total: 1
2020-02-29 13:49:45,861 [DEBUG] [http-nio-8080-exec-5] com.lietou.mapper.CustomMapper.resetRemarkCount [BaseJdbcLogger.java : 143] ==>  Preparing: update t_custom set remark_count = (select count(1) from t_remark where business_id=? and business_type=? and c_id=? ) where id= ? 
2020-02-29 13:49:45,862 [DEBUG] [http-nio-8080-exec-5] com.lietou.mapper.CustomMapper.resetRemarkCount [BaseJdbcLogger.java : 143] ==> Parameters: 6(Long), custom(String), 1(Long), 6(Long)
2020-02-29 13:49:45,892 [DEBUG] [http-nio-8080-exec-5] com.lietou.mapper.CustomMapper.resetRemarkCount [BaseJdbcLogger.java : 143] <==    Updates: 1
2020-02-29 13:49:47,668 [INFO] [http-nio-8080-exec-6] com.lietou.filter.AuthenticationFilter [AuthenticationFilter.java : 58] /custom/addRemark
2020-02-29 13:49:47,685 [DEBUG] [http-nio-8080-exec-6] com.lietou.mapper.RemarkMapper.insertSelective [BaseJdbcLogger.java : 143] ==>  Preparing: insert into t_remark ( business_id, business_type, category, remark1, remark2, remark3, remark4, remark5, create_time, creater_id, c_id ) values ( ?, ?, ?, ?, ?, ?, ?, ?, ?, ?, ? ) 
2020-02-29 13:49:47,687 [DEBUG] [http-nio-8080-exec-6] com.lietou.mapper.RemarkMapper.insertSelective [BaseJdbcLogger.java : 143] ==> Parameters: 6(Long), custom(String), basic(String), remark1(String), remark2(String), remark3(String), remark4(String), remark5(String), 20200229134947(String), 1(Long), 1(Long)
2020-02-29 13:49:47,721 [DEBUG] [http-nio-8080-exec-6] com.lietou.mapper.RemarkMapper.insertSelective [BaseJdbcLogger.java : 143] <==    Updates: 1
2020-02-29 13:49:47,722 [DEBUG] [http-nio-8080-exec-6] com.lietou.mapper.RemarkMapper.insertSelective!selectKey [BaseJdbcLogger.java : 143] ==>  Preparing: SELECT LAST_INSERT_ID() 
2020-02-29 13:49:47,723 [DEBUG] [http-nio-8080-exec-6] com.lietou.mapper.RemarkMapper.insertSelective!selectKey [BaseJdbcLogger.java : 143] ==> Parameters: 
2020-02-29 13:49:47,742 [DEBUG] [http-nio-8080-exec-6] com.lietou.mapper.RemarkMapper.insertSelective!selectKey [BaseJdbcLogger.java : 143] <==      Total: 1
2020-02-29 13:49:47,743 [DEBUG] [http-nio-8080-exec-6] com.lietou.mapper.CustomMapper.resetRemarkCount [BaseJdbcLogger.java : 143] ==>  Preparing: update t_custom set remark_count = (select count(1) from t_remark where business_id=? and business_type=? and c_id=? ) where id= ? 
2020-02-29 13:49:47,745 [DEBUG] [http-nio-8080-exec-6] com.lietou.mapper.CustomMapper.resetRemarkCount [BaseJdbcLogger.java : 143] ==> Parameters: 6(Long), custom(String), 1(Long), 6(Long)
2020-02-29 13:49:47,776 [DEBUG] [http-nio-8080-exec-6] com.lietou.mapper.CustomMapper.resetRemarkCount [BaseJdbcLogger.java : 143] <==    Updates: 1
2020-02-29 13:50:04,978 [INFO] [http-nio-8080-exec-7] com.lietou.filter.AuthenticationFilter [AuthenticationFilter.java : 58] /custom/addRemark
2020-02-29 13:50:04,997 [DEBUG] [http-nio-8080-exec-7] com.lietou.mapper.RemarkMapper.insertSelective [BaseJdbcLogger.java : 143] ==>  Preparing: insert into t_remark ( business_id, business_type, category, remark1, remark2, remark3, remark4, remark5, create_time, creater_id, c_id ) values ( ?, ?, ?, ?, ?, ?, ?, ?, ?, ?, ? ) 
2020-02-29 13:50:04,998 [DEBUG] [http-nio-8080-exec-7] com.lietou.mapper.RemarkMapper.insertSelective [BaseJdbcLogger.java : 143] ==> Parameters: 6(Long), custom(String), salary(String), remark1(String), remark2(String), remark3(String), remark4(String), remark5(String), 20200229135004(String), 1(Long), 1(Long)
2020-02-29 13:50:05,037 [DEBUG] [http-nio-8080-exec-7] com.lietou.mapper.RemarkMapper.insertSelective [BaseJdbcLogger.java : 143] <==    Updates: 1
2020-02-29 13:50:05,038 [DEBUG] [http-nio-8080-exec-7] com.lietou.mapper.RemarkMapper.insertSelective!selectKey [BaseJdbcLogger.java : 143] ==>  Preparing: SELECT LAST_INSERT_ID() 
2020-02-29 13:50:05,039 [DEBUG] [http-nio-8080-exec-7] com.lietou.mapper.RemarkMapper.insertSelective!selectKey [BaseJdbcLogger.java : 143] ==> Parameters: 
2020-02-29 13:50:05,054 [DEBUG] [http-nio-8080-exec-7] com.lietou.mapper.RemarkMapper.insertSelective!selectKey [BaseJdbcLogger.java : 143] <==      Total: 1
2020-02-29 13:50:05,055 [DEBUG] [http-nio-8080-exec-7] com.lietou.mapper.CustomMapper.resetRemarkCount [BaseJdbcLogger.java : 143] ==>  Preparing: update t_custom set remark_count = (select count(1) from t_remark where business_id=? and business_type=? and c_id=? ) where id= ? 
2020-02-29 13:50:05,056 [DEBUG] [http-nio-8080-exec-7] com.lietou.mapper.CustomMapper.resetRemarkCount [BaseJdbcLogger.java : 143] ==> Parameters: 6(Long), custom(String), 1(Long), 6(Long)
2020-02-29 13:50:05,086 [DEBUG] [http-nio-8080-exec-7] com.lietou.mapper.CustomMapper.resetRemarkCount [BaseJdbcLogger.java : 143] <==    Updates: 1
2020-02-29 13:54:54,529 [INFO] [http-nio-8080-exec-10] com.lietou.filter.AuthenticationFilter [AuthenticationFilter.java : 58] /custom/getRemarkById/1
2020-02-29 13:54:54,566 [DEBUG] [http-nio-8080-exec-10] com.lietou.mapper.RemarkMapper.getById [BaseJdbcLogger.java : 143] ==>  Preparing: SELECT * FROM t_remark where id=? and c_id=? 
2020-02-29 13:54:54,568 [DEBUG] [http-nio-8080-exec-10] com.lietou.mapper.RemarkMapper.getById [BaseJdbcLogger.java : 143] ==> Parameters: 1(Long), 1(Long)
2020-02-29 13:54:54,588 [DEBUG] [http-nio-8080-exec-10] com.lietou.mapper.RemarkMapper.getById [BaseJdbcLogger.java : 143] <==      Total: 1
2020-02-29 14:02:59,160 [INFO] [http-nio-8080-exec-3] com.lietou.filter.AuthenticationFilter [AuthenticationFilter.java : 58] /custom/getRemarkById/1
2020-02-29 14:03:00,435 [DEBUG] [http-nio-8080-exec-3] com.lietou.mapper.RemarkMapper.getById [BaseJdbcLogger.java : 143] ==>  Preparing: SELECT * FROM t_remark where id=? and c_id=? 
2020-02-29 14:03:00,436 [DEBUG] [http-nio-8080-exec-3] com.lietou.mapper.RemarkMapper.getById [BaseJdbcLogger.java : 143] ==> Parameters: 1(Long), 1(Long)
2020-02-29 14:03:00,459 [DEBUG] [http-nio-8080-exec-3] com.lietou.mapper.RemarkMapper.getById [BaseJdbcLogger.java : 143] <==      Total: 1
2020-02-29 14:03:46,530 [INFO] [http-nio-8080-exec-4] com.lietou.filter.AuthenticationFilter [AuthenticationFilter.java : 58] /custom/deleteRemark
2020-02-29 14:03:46,574 [ERROR] [http-nio-8080-exec-4] o.a.c.c.C.[Tomcat].[localhost].[/].[dispatcherServlet] [DirectJDKLog.java : 175] Servlet.service() for servlet [dispatcherServlet] in context with path [] threw exception [Request processing failed; nested exception is org.mybatis.spring.MyBatisSystemException: nested exception is org.apache.ibatis.reflection.ReflectionException: There is no getter for property named 'ids' in 'class com.lietou.vo.RemarkVo'] with root cause
org.apache.ibatis.reflection.ReflectionException: There is no getter for property named 'ids' in 'class com.lietou.vo.RemarkVo'
	at org.apache.ibatis.reflection.Reflector.getGetInvoker(Reflector.java:373)
	at org.apache.ibatis.reflection.MetaClass.getGetInvoker(MetaClass.java:163)
	at org.apache.ibatis.reflection.wrapper.BeanWrapper.getBeanProperty(BeanWrapper.java:162)
	at org.apache.ibatis.reflection.wrapper.BeanWrapper.get(BeanWrapper.java:49)
	at org.apache.ibatis.reflection.MetaObject.getValue(MetaObject.java:122)
	at org.apache.ibatis.scripting.xmltags.DynamicContext$ContextMap.get(DynamicContext.java:102)
	at org.apache.ibatis.scripting.xmltags.DynamicContext$ContextAccessor.getProperty(DynamicContext.java:113)
	at org.apache.ibatis.ognl.OgnlRuntime.getProperty(OgnlRuntime.java:2719)
	at org.apache.ibatis.ognl.ASTProperty.getValueBody(ASTProperty.java:114)
	at org.apache.ibatis.ognl.SimpleNode.evaluateGetValueBody(SimpleNode.java:212)
	at org.apache.ibatis.ognl.SimpleNode.getValue(SimpleNode.java:258)
	at org.apache.ibatis.ognl.Ognl.getValue(Ognl.java:493)
	at org.apache.ibatis.ognl.Ognl.getValue(Ognl.java:457)
	at org.apache.ibatis.scripting.xmltags.OgnlCache.getValue(OgnlCache.java:46)
	at org.apache.ibatis.scripting.xmltags.ExpressionEvaluator.evaluateIterable(ExpressionEvaluator.java:43)
	at org.apache.ibatis.scripting.xmltags.ForEachSqlNode.apply(ForEachSqlNode.java:54)
	at org.apache.ibatis.scripting.xmltags.MixedSqlNode.lambda$apply$0(MixedSqlNode.java:32)
	at java.util.ArrayList.forEach(ArrayList.java:1257)
	at org.apache.ibatis.scripting.xmltags.MixedSqlNode.apply(MixedSqlNode.java:32)
	at org.apache.ibatis.scripting.xmltags.DynamicSqlSource.getBoundSql(DynamicSqlSource.java:39)
	at org.apache.ibatis.mapping.MappedStatement.getBoundSql(MappedStatement.java:297)
	at org.apache.ibatis.executor.statement.BaseStatementHandler.<init>(BaseStatementHandler.java:64)
	at org.apache.ibatis.executor.statement.PreparedStatementHandler.<init>(PreparedStatementHandler.java:41)
	at org.apache.ibatis.executor.statement.RoutingStatementHandler.<init>(RoutingStatementHandler.java:46)
	at org.apache.ibatis.session.Configuration.newStatementHandler(Configuration.java:592)
	at org.apache.ibatis.executor.SimpleExecutor.doUpdate(SimpleExecutor.java:48)
	at org.apache.ibatis.executor.BaseExecutor.update(BaseExecutor.java:117)
	at org.apache.ibatis.executor.CachingExecutor.update(CachingExecutor.java:76)
	at org.apache.ibatis.session.defaults.DefaultSqlSession.update(DefaultSqlSession.java:197)
	at org.apache.ibatis.session.defaults.DefaultSqlSession.delete(DefaultSqlSession.java:212)
	at sun.reflect.NativeMethodAccessorImpl.invoke0(Native Method)
	at sun.reflect.NativeMethodAccessorImpl.invoke(NativeMethodAccessorImpl.java:62)
	at sun.reflect.DelegatingMethodAccessorImpl.invoke(DelegatingMethodAccessorImpl.java:43)
	at java.lang.reflect.Method.invoke(Method.java:498)
	at org.mybatis.spring.SqlSessionTemplate$SqlSessionInterceptor.invoke(SqlSessionTemplate.java:426)
	at com.sun.proxy.$Proxy67.delete(Unknown Source)
	at org.mybatis.spring.SqlSessionTemplate.delete(SqlSessionTemplate.java:303)
	at org.apache.ibatis.binding.MapperMethod.execute(MapperMethod.java:72)
	at org.apache.ibatis.binding.MapperProxy.invoke(MapperProxy.java:93)
	at com.sun.proxy.$Proxy72.deleteByIds(Unknown Source)
	at com.lietou.service.impl.CustomServiceImpl.deleteRemark(CustomServiceImpl.java:165)
	at com.lietou.service.impl.CustomServiceImpl$$FastClassBySpringCGLIB$$7114861e.invoke(<generated>)
	at org.springframework.cglib.proxy.MethodProxy.invoke(MethodProxy.java:218)
	at org.springframework.aop.framework.CglibAopProxy$CglibMethodInvocation.invokeJoinpoint(CglibAopProxy.java:769)
	at org.springframework.aop.framework.ReflectiveMethodInvocation.proceed(ReflectiveMethodInvocation.java:163)
	at org.springframework.aop.framework.CglibAopProxy$CglibMethodInvocation.proceed(CglibAopProxy.java:747)
	at org.springframework.transaction.interceptor.TransactionAspectSupport.invokeWithinTransaction(TransactionAspectSupport.java:366)
	at org.springframework.transaction.interceptor.TransactionInterceptor.invoke(TransactionInterceptor.java:99)
	at org.springframework.aop.framework.ReflectiveMethodInvocation.proceed(ReflectiveMethodInvocation.java:186)
	at org.springframework.aop.framework.CglibAopProxy$CglibMethodInvocation.proceed(CglibAopProxy.java:747)
	at org.springframework.aop.framework.CglibAopProxy$DynamicAdvisedInterceptor.intercept(CglibAopProxy.java:689)
	at com.lietou.service.impl.CustomServiceImpl$$EnhancerBySpringCGLIB$$ced8fc98.deleteRemark(<generated>)
	at com.lietou.controller.CustomController.deleteRemark(CustomController.java:115)
	at sun.reflect.NativeMethodAccessorImpl.invoke0(Native Method)
	at sun.reflect.NativeMethodAccessorImpl.invoke(NativeMethodAccessorImpl.java:62)
	at sun.reflect.DelegatingMethodAccessorImpl.invoke(DelegatingMethodAccessorImpl.java:43)
	at java.lang.reflect.Method.invoke(Method.java:498)
	at org.springframework.web.method.support.InvocableHandlerMethod.doInvoke(InvocableHandlerMethod.java:190)
	at org.springframework.web.method.support.InvocableHandlerMethod.invokeForRequest(InvocableHandlerMethod.java:138)
	at org.springframework.web.servlet.mvc.method.annotation.ServletInvocableHandlerMethod.invokeAndHandle(ServletInvocableHandlerMethod.java:106)
	at org.springframework.web.servlet.mvc.method.annotation.RequestMappingHandlerAdapter.invokeHandlerMethod(RequestMappingHandlerAdapter.java:888)
	at org.springframework.web.servlet.mvc.method.annotation.RequestMappingHandlerAdapter.handleInternal(RequestMappingHandlerAdapter.java:793)
	at org.springframework.web.servlet.mvc.method.AbstractHandlerMethodAdapter.handle(AbstractHandlerMethodAdapter.java:87)
	at org.springframework.web.servlet.DispatcherServlet.doDispatch(DispatcherServlet.java:1040)
	at org.springframework.web.servlet.DispatcherServlet.doService(DispatcherServlet.java:943)
	at org.springframework.web.servlet.FrameworkServlet.processRequest(FrameworkServlet.java:1006)
	at org.springframework.web.servlet.FrameworkServlet.doPost(FrameworkServlet.java:909)
	at javax.servlet.http.HttpServlet.service(HttpServlet.java:660)
	at org.springframework.web.servlet.FrameworkServlet.service(FrameworkServlet.java:883)
	at javax.servlet.http.HttpServlet.service(HttpServlet.java:741)
	at org.apache.catalina.core.ApplicationFilterChain.internalDoFilter(ApplicationFilterChain.java:231)
	at org.apache.catalina.core.ApplicationFilterChain.doFilter(ApplicationFilterChain.java:166)
	at org.apache.tomcat.websocket.server.WsFilter.doFilter(WsFilter.java:53)
	at org.apache.catalina.core.ApplicationFilterChain.internalDoFilter(ApplicationFilterChain.java:193)
	at org.apache.catalina.core.ApplicationFilterChain.doFilter(ApplicationFilterChain.java:166)
	at com.lietou.filter.AuthenticationFilter.doFilter(AuthenticationFilter.java:82)
	at org.apache.catalina.core.ApplicationFilterChain.internalDoFilter(ApplicationFilterChain.java:193)
	at org.apache.catalina.core.ApplicationFilterChain.doFilter(ApplicationFilterChain.java:166)
	at org.springframework.web.filter.RequestContextFilter.doFilterInternal(RequestContextFilter.java:100)
	at org.springframework.web.filter.OncePerRequestFilter.doFilter(OncePerRequestFilter.java:119)
	at org.apache.catalina.core.ApplicationFilterChain.internalDoFilter(ApplicationFilterChain.java:193)
	at org.apache.catalina.core.ApplicationFilterChain.doFilter(ApplicationFilterChain.java:166)
	at org.springframework.web.filter.FormContentFilter.doFilterInternal(FormContentFilter.java:93)
	at org.springframework.web.filter.OncePerRequestFilter.doFilter(OncePerRequestFilter.java:119)
	at org.apache.catalina.core.ApplicationFilterChain.internalDoFilter(ApplicationFilterChain.java:193)
	at org.apache.catalina.core.ApplicationFilterChain.doFilter(ApplicationFilterChain.java:166)
	at org.springframework.web.filter.CharacterEncodingFilter.doFilterInternal(CharacterEncodingFilter.java:201)
	at org.springframework.web.filter.OncePerRequestFilter.doFilter(OncePerRequestFilter.java:119)
	at org.apache.catalina.core.ApplicationFilterChain.internalDoFilter(ApplicationFilterChain.java:193)
	at org.apache.catalina.core.ApplicationFilterChain.doFilter(ApplicationFilterChain.java:166)
	at org.apache.catalina.core.StandardWrapperValve.invoke(StandardWrapperValve.java:202)
	at org.apache.catalina.core.StandardContextValve.invoke(StandardContextValve.java:96)
	at org.apache.catalina.authenticator.AuthenticatorBase.invoke(AuthenticatorBase.java:541)
	at org.apache.catalina.core.StandardHostValve.invoke(StandardHostValve.java:139)
	at org.apache.catalina.valves.ErrorReportValve.invoke(ErrorReportValve.java:92)
	at org.apache.catalina.core.StandardEngineValve.invoke(StandardEngineValve.java:74)
	at org.apache.catalina.connector.CoyoteAdapter.service(CoyoteAdapter.java:343)
	at org.apache.coyote.http11.Http11Processor.service(Http11Processor.java:367)
	at org.apache.coyote.AbstractProcessorLight.process(AbstractProcessorLight.java:65)
	at org.apache.coyote.AbstractProtocol$ConnectionHandler.process(AbstractProtocol.java:860)
	at org.apache.tomcat.util.net.NioEndpoint$SocketProcessor.doRun(NioEndpoint.java:1598)
	at org.apache.tomcat.util.net.SocketProcessorBase.run(SocketProcessorBase.java:49)
	at java.util.concurrent.ThreadPoolExecutor.runWorker(ThreadPoolExecutor.java:1149)
	at java.util.concurrent.ThreadPoolExecutor$Worker.run(ThreadPoolExecutor.java:624)
	at org.apache.tomcat.util.threads.TaskThread$WrappingRunnable.run(TaskThread.java:61)
	at java.lang.Thread.run(Thread.java:748)
2020-02-29 14:04:17,720 [INFO] [main] com.lietou.LietouApplication [StartupInfoLogger.java : 55] Starting LietouApplication on DESKTOP-97L64NN with PID 9808 (started by zhanjia in E:\新建文件夹 (2)\lietou\headhunters)
2020-02-29 14:04:17,726 [INFO] [main] com.lietou.LietouApplication [SpringApplication.java : 651] No active profile set, falling back to default profiles: default
2020-02-29 14:04:18,893 [INFO] [main] o.s.data.repository.config.RepositoryConfigurationDelegate [RepositoryConfigurationDelegate.java : 249] Multiple Spring Data modules found, entering strict repository configuration mode!
2020-02-29 14:04:18,901 [INFO] [main] o.s.data.repository.config.RepositoryConfigurationDelegate [RepositoryConfigurationDelegate.java : 127] Bootstrapping Spring Data Redis repositories in DEFAULT mode.
2020-02-29 14:04:18,973 [INFO] [main] o.s.data.repository.config.RepositoryConfigurationDelegate [RepositoryConfigurationDelegate.java : 187] Finished Spring Data repository scanning in 48ms. Found 0 Redis repository interfaces.
2020-02-29 14:04:19,157 [INFO] [main] o.s.context.annotation.ConfigurationClassPostProcessor [ConfigurationClassPostProcessor.java : 403] Cannot enhance @Configuration bean definition 'myBatisMapperScannerConfig' since its singleton instance has been created too early. The typical cause is a non-static @Bean method with a BeanDefinitionRegistryPostProcessor return type: Consider declaring such methods as 'static'.
2020-02-29 14:04:19,446 [INFO] [main] o.s.c.s.PostProcessorRegistrationDelegate$BeanPostProcessorChecker [PostProcessorRegistrationDelegate.java : 330] Bean 'asyncConfig' of type [com.lietou.AsyncConfig$$EnhancerBySpringCGLIB$$3232c128] is not eligible for getting processed by all BeanPostProcessors (for example: not eligible for auto-proxying)
2020-02-29 14:04:19,524 [INFO] [main] o.s.c.s.PostProcessorRegistrationDelegate$BeanPostProcessorChecker [PostProcessorRegistrationDelegate.java : 330] Bean 'org.springframework.boot.autoconfigure.jdbc.DataSourceConfiguration$Generic' of type [org.springframework.boot.autoconfigure.jdbc.DataSourceConfiguration$Generic] is not eligible for getting processed by all BeanPostProcessors (for example: not eligible for auto-proxying)
2020-02-29 14:04:19,573 [INFO] [main] o.s.c.s.PostProcessorRegistrationDelegate$BeanPostProcessorChecker [PostProcessorRegistrationDelegate.java : 330] Bean 'spring.datasource-org.springframework.boot.autoconfigure.jdbc.DataSourceProperties' of type [org.springframework.boot.autoconfigure.jdbc.DataSourceProperties] is not eligible for getting processed by all BeanPostProcessors (for example: not eligible for auto-proxying)
2020-02-29 14:04:19,656 [INFO] [main] o.s.c.s.PostProcessorRegistrationDelegate$BeanPostProcessorChecker [PostProcessorRegistrationDelegate.java : 330] Bean 'dataSource' of type [com.alibaba.druid.pool.DruidDataSource] is not eligible for getting processed by all BeanPostProcessors (for example: not eligible for auto-proxying)
2020-02-29 14:04:19,665 [INFO] [main] o.s.c.s.PostProcessorRegistrationDelegate$BeanPostProcessorChecker [PostProcessorRegistrationDelegate.java : 330] Bean 'org.springframework.boot.autoconfigure.jdbc.DataSourceInitializerInvoker' of type [org.springframework.boot.autoconfigure.jdbc.DataSourceInitializerInvoker] is not eligible for getting processed by all BeanPostProcessors (for example: not eligible for auto-proxying)
2020-02-29 14:04:19,694 [INFO] [main] o.s.c.s.PostProcessorRegistrationDelegate$BeanPostProcessorChecker [PostProcessorRegistrationDelegate.java : 330] Bean 'myBatisConfig' of type [com.lietou.MyBatisConfig$$EnhancerBySpringCGLIB$$782d6abf] is not eligible for getting processed by all BeanPostProcessors (for example: not eligible for auto-proxying)
2020-02-29 14:04:19,724 [INFO] [main] o.s.c.s.PostProcessorRegistrationDelegate$BeanPostProcessorChecker [PostProcessorRegistrationDelegate.java : 330] Bean 'annotationDrivenTransactionManager' of type [org.springframework.jdbc.datasource.DataSourceTransactionManager] is not eligible for getting processed by all BeanPostProcessors (for example: not eligible for auto-proxying)
2020-02-29 14:04:19,726 [INFO] [main] o.s.c.s.PostProcessorRegistrationDelegate$BeanPostProcessorChecker [PostProcessorRegistrationDelegate.java : 330] Bean 'org.springframework.transaction.annotation.ProxyTransactionManagementConfiguration' of type [org.springframework.transaction.annotation.ProxyTransactionManagementConfiguration] is not eligible for getting processed by all BeanPostProcessors (for example: not eligible for auto-proxying)
2020-02-29 14:04:20,727 [INFO] [main] org.springframework.boot.web.embedded.tomcat.TomcatWebServer [TomcatWebServer.java : 92] Tomcat initialized with port(s): 8080 (http)
2020-02-29 14:04:20,749 [INFO] [main] org.apache.catalina.core.StandardService [DirectJDKLog.java : 173] Starting service [Tomcat]
2020-02-29 14:04:20,750 [INFO] [main] org.apache.catalina.core.StandardEngine [DirectJDKLog.java : 173] Starting Servlet engine: [Apache Tomcat/9.0.30]
2020-02-29 14:04:20,873 [INFO] [main] o.a.catalina.core.ContainerBase.[Tomcat].[localhost].[/] [DirectJDKLog.java : 173] Initializing Spring embedded WebApplicationContext
2020-02-29 14:04:20,873 [INFO] [main] org.springframework.web.context.ContextLoader [ServletWebServerApplicationContext.java : 284] Root WebApplicationContext: initialization completed in 3095 ms
2020-02-29 14:04:22,371 [INFO] [main] o.s.scheduling.concurrent.ThreadPoolTaskExecutor [ExecutorConfigurationSupport.java : 171] Initializing ExecutorService 'applicationTaskExecutor'
2020-02-29 14:04:22,948 [INFO] [main] org.springframework.boot.web.embedded.tomcat.TomcatWebServer [TomcatWebServer.java : 204] Tomcat started on port(s): 8080 (http) with context path ''
2020-02-29 14:04:22,952 [INFO] [main] com.lietou.LietouApplication [StartupInfoLogger.java : 61] Started LietouApplication in 5.686 seconds (JVM running for 6.258)
2020-02-29 14:04:28,176 [INFO] [http-nio-8080-exec-2] o.a.catalina.core.ContainerBase.[Tomcat].[localhost].[/] [DirectJDKLog.java : 173] Initializing Spring DispatcherServlet 'dispatcherServlet'
2020-02-29 14:04:28,176 [INFO] [http-nio-8080-exec-2] org.springframework.web.servlet.DispatcherServlet [FrameworkServlet.java : 525] Initializing Servlet 'dispatcherServlet'
2020-02-29 14:04:28,188 [INFO] [http-nio-8080-exec-2] org.springframework.web.servlet.DispatcherServlet [FrameworkServlet.java : 547] Completed initialization in 12 ms
2020-02-29 14:04:28,198 [INFO] [http-nio-8080-exec-2] com.lietou.filter.AuthenticationFilter [AuthenticationFilter.java : 58] /custom/deleteRemark
2020-02-29 14:04:28,488 [INFO] [http-nio-8080-exec-2] com.alibaba.druid.pool.DruidDataSource [DruidDataSource.java : 930] {dataSource-1} inited
2020-02-29 14:04:28,914 [DEBUG] [http-nio-8080-exec-2] com.lietou.mapper.RemarkMapper.deleteByIds [BaseJdbcLogger.java : 143] ==>  Preparing: delete from t_remark where business_id =? and business_type =? and c_id=? and id in ( ? ) 
2020-02-29 14:04:28,942 [DEBUG] [http-nio-8080-exec-2] com.lietou.mapper.RemarkMapper.deleteByIds [BaseJdbcLogger.java : 143] ==> Parameters: 6(Long), custom(String), 1(Long), 1(Long)
2020-02-29 14:04:28,975 [DEBUG] [http-nio-8080-exec-2] com.lietou.mapper.RemarkMapper.deleteByIds [BaseJdbcLogger.java : 143] <==    Updates: 1
2020-02-29 14:04:28,977 [DEBUG] [http-nio-8080-exec-2] com.lietou.mapper.CustomMapper.resetRemarkCount [BaseJdbcLogger.java : 143] ==>  Preparing: update t_custom set remark_count = (select count(1) from t_remark where business_id=? and business_type=? and c_id=? ) where id= ? 
2020-02-29 14:04:28,978 [DEBUG] [http-nio-8080-exec-2] com.lietou.mapper.CustomMapper.resetRemarkCount [BaseJdbcLogger.java : 143] ==> Parameters: 6(Long), custom(String), 1(Long), 6(Long)
2020-02-29 14:04:29,012 [DEBUG] [http-nio-8080-exec-2] com.lietou.mapper.CustomMapper.resetRemarkCount [BaseJdbcLogger.java : 143] <==    Updates: 1
2020-02-29 14:07:53,865 [INFO] [http-nio-8080-exec-5] com.lietou.filter.AuthenticationFilter [AuthenticationFilter.java : 58] /custom/getAllRemark
2020-02-29 14:07:53,903 [DEBUG] [http-nio-8080-exec-5] com.lietou.mapper.RemarkMapper.getAllRemark [BaseJdbcLogger.java : 143] ==>  Preparing: select a.*,b.name from t_remark a left join t_user b ON a.creater_id=b.id where a.business_id =? and a.business_type =? and a.c_id=? order a.id desc 
2020-02-29 14:07:53,904 [DEBUG] [http-nio-8080-exec-5] com.lietou.mapper.RemarkMapper.getAllRemark [BaseJdbcLogger.java : 143] ==> Parameters: 6(Long), custom(String), 1(Long)
2020-02-29 14:07:53,987 [ERROR] [http-nio-8080-exec-5] o.a.c.c.C.[Tomcat].[localhost].[/].[dispatcherServlet] [DirectJDKLog.java : 175] Servlet.service() for servlet [dispatcherServlet] in context with path [] threw exception [Request processing failed; nested exception is org.springframework.jdbc.BadSqlGrammarException: 
### Error querying database.  Cause: java.sql.SQLSyntaxErrorException: You have an error in your SQL syntax; check the manual that corresponds to your MySQL server version for the right syntax to use near 'a.id desc' at line 7
### The error may exist in file [E:\新建文件夹 (2)\lietou\headhunters\target\classes\com\lietou\extmapper\ExtRemarkMapper.xml]
### The error may involve com.lietou.mapper.RemarkMapper.getAllRemark-Inline
### The error occurred while setting parameters
### SQL: select a.*,b.name from t_remark a     left join t_user b ON a.creater_id=b.id     where a.business_id =? and a.business_type =?           and a.c_id=?       order a.id desc
### Cause: java.sql.SQLSyntaxErrorException: You have an error in your SQL syntax; check the manual that corresponds to your MySQL server version for the right syntax to use near 'a.id desc' at line 7
; bad SQL grammar []; nested exception is java.sql.SQLSyntaxErrorException: You have an error in your SQL syntax; check the manual that corresponds to your MySQL server version for the right syntax to use near 'a.id desc' at line 7] with root cause
java.sql.SQLSyntaxErrorException: You have an error in your SQL syntax; check the manual that corresponds to your MySQL server version for the right syntax to use near 'a.id desc' at line 7
	at com.mysql.cj.jdbc.exceptions.SQLError.createSQLException(SQLError.java:120)
	at com.mysql.cj.jdbc.exceptions.SQLError.createSQLException(SQLError.java:97)
	at com.mysql.cj.jdbc.exceptions.SQLExceptionsMapping.translateException(SQLExceptionsMapping.java:122)
	at com.mysql.cj.jdbc.ClientPreparedStatement.executeInternal(ClientPreparedStatement.java:953)
	at com.mysql.cj.jdbc.ClientPreparedStatement.execute(ClientPreparedStatement.java:370)
	at com.alibaba.druid.pool.DruidPooledPreparedStatement.execute(DruidPooledPreparedStatement.java:498)
	at sun.reflect.NativeMethodAccessorImpl.invoke0(Native Method)
	at sun.reflect.NativeMethodAccessorImpl.invoke(NativeMethodAccessorImpl.java:62)
	at sun.reflect.DelegatingMethodAccessorImpl.invoke(DelegatingMethodAccessorImpl.java:43)
	at java.lang.reflect.Method.invoke(Method.java:498)
	at org.apache.ibatis.logging.jdbc.PreparedStatementLogger.invoke(PreparedStatementLogger.java:59)
	at com.sun.proxy.$Proxy93.execute(Unknown Source)
	at org.apache.ibatis.executor.statement.PreparedStatementHandler.query(PreparedStatementHandler.java:64)
	at org.apache.ibatis.executor.statement.RoutingStatementHandler.query(RoutingStatementHandler.java:79)
	at org.apache.ibatis.executor.SimpleExecutor.doQuery(SimpleExecutor.java:63)
	at org.apache.ibatis.executor.BaseExecutor.queryFromDatabase(BaseExecutor.java:324)
	at org.apache.ibatis.executor.BaseExecutor.query(BaseExecutor.java:156)
	at org.apache.ibatis.executor.CachingExecutor.query(CachingExecutor.java:109)
	at org.apache.ibatis.executor.CachingExecutor.query(CachingExecutor.java:83)
	at org.apache.ibatis.session.defaults.DefaultSqlSession.selectList(DefaultSqlSession.java:147)
	at org.apache.ibatis.session.defaults.DefaultSqlSession.selectList(DefaultSqlSession.java:140)
	at sun.reflect.NativeMethodAccessorImpl.invoke0(Native Method)
	at sun.reflect.NativeMethodAccessorImpl.invoke(NativeMethodAccessorImpl.java:62)
	at sun.reflect.DelegatingMethodAccessorImpl.invoke(DelegatingMethodAccessorImpl.java:43)
	at java.lang.reflect.Method.invoke(Method.java:498)
	at org.mybatis.spring.SqlSessionTemplate$SqlSessionInterceptor.invoke(SqlSessionTemplate.java:426)
	at com.sun.proxy.$Proxy67.selectList(Unknown Source)
	at org.mybatis.spring.SqlSessionTemplate.selectList(SqlSessionTemplate.java:223)
	at org.apache.ibatis.binding.MapperMethod.executeForMany(MapperMethod.java:147)
	at org.apache.ibatis.binding.MapperMethod.execute(MapperMethod.java:80)
	at org.apache.ibatis.binding.MapperProxy.invoke(MapperProxy.java:93)
	at com.sun.proxy.$Proxy72.getAllRemark(Unknown Source)
	at com.lietou.service.impl.CustomServiceImpl.getAllRemark(CustomServiceImpl.java:189)
	at com.lietou.service.impl.CustomServiceImpl$$FastClassBySpringCGLIB$$7114861e.invoke(<generated>)
	at org.springframework.cglib.proxy.MethodProxy.invoke(MethodProxy.java:218)
	at org.springframework.aop.framework.CglibAopProxy$DynamicAdvisedInterceptor.intercept(CglibAopProxy.java:685)
	at com.lietou.service.impl.CustomServiceImpl$$EnhancerBySpringCGLIB$$df3c95f0.getAllRemark(<generated>)
	at com.lietou.controller.CustomController.getAllRemark(CustomController.java:123)
	at sun.reflect.NativeMethodAccessorImpl.invoke0(Native Method)
	at sun.reflect.NativeMethodAccessorImpl.invoke(NativeMethodAccessorImpl.java:62)
	at sun.reflect.DelegatingMethodAccessorImpl.invoke(DelegatingMethodAccessorImpl.java:43)
	at java.lang.reflect.Method.invoke(Method.java:498)
	at org.springframework.web.method.support.InvocableHandlerMethod.doInvoke(InvocableHandlerMethod.java:190)
	at org.springframework.web.method.support.InvocableHandlerMethod.invokeForRequest(InvocableHandlerMethod.java:138)
	at org.springframework.web.servlet.mvc.method.annotation.ServletInvocableHandlerMethod.invokeAndHandle(ServletInvocableHandlerMethod.java:106)
	at org.springframework.web.servlet.mvc.method.annotation.RequestMappingHandlerAdapter.invokeHandlerMethod(RequestMappingHandlerAdapter.java:888)
	at org.springframework.web.servlet.mvc.method.annotation.RequestMappingHandlerAdapter.handleInternal(RequestMappingHandlerAdapter.java:793)
	at org.springframework.web.servlet.mvc.method.AbstractHandlerMethodAdapter.handle(AbstractHandlerMethodAdapter.java:87)
	at org.springframework.web.servlet.DispatcherServlet.doDispatch(DispatcherServlet.java:1040)
	at org.springframework.web.servlet.DispatcherServlet.doService(DispatcherServlet.java:943)
	at org.springframework.web.servlet.FrameworkServlet.processRequest(FrameworkServlet.java:1006)
	at org.springframework.web.servlet.FrameworkServlet.doPost(FrameworkServlet.java:909)
	at javax.servlet.http.HttpServlet.service(HttpServlet.java:660)
	at org.springframework.web.servlet.FrameworkServlet.service(FrameworkServlet.java:883)
	at javax.servlet.http.HttpServlet.service(HttpServlet.java:741)
	at org.apache.catalina.core.ApplicationFilterChain.internalDoFilter(ApplicationFilterChain.java:231)
	at org.apache.catalina.core.ApplicationFilterChain.doFilter(ApplicationFilterChain.java:166)
	at org.apache.tomcat.websocket.server.WsFilter.doFilter(WsFilter.java:53)
	at org.apache.catalina.core.ApplicationFilterChain.internalDoFilter(ApplicationFilterChain.java:193)
	at org.apache.catalina.core.ApplicationFilterChain.doFilter(ApplicationFilterChain.java:166)
	at com.lietou.filter.AuthenticationFilter.doFilter(AuthenticationFilter.java:82)
	at org.apache.catalina.core.ApplicationFilterChain.internalDoFilter(ApplicationFilterChain.java:193)
	at org.apache.catalina.core.ApplicationFilterChain.doFilter(ApplicationFilterChain.java:166)
	at org.springframework.web.filter.RequestContextFilter.doFilterInternal(RequestContextFilter.java:100)
	at org.springframework.web.filter.OncePerRequestFilter.doFilter(OncePerRequestFilter.java:119)
	at org.apache.catalina.core.ApplicationFilterChain.internalDoFilter(ApplicationFilterChain.java:193)
	at org.apache.catalina.core.ApplicationFilterChain.doFilter(ApplicationFilterChain.java:166)
	at org.springframework.web.filter.FormContentFilter.doFilterInternal(FormContentFilter.java:93)
	at org.springframework.web.filter.OncePerRequestFilter.doFilter(OncePerRequestFilter.java:119)
	at org.apache.catalina.core.ApplicationFilterChain.internalDoFilter(ApplicationFilterChain.java:193)
	at org.apache.catalina.core.ApplicationFilterChain.doFilter(ApplicationFilterChain.java:166)
	at org.springframework.web.filter.CharacterEncodingFilter.doFilterInternal(CharacterEncodingFilter.java:201)
	at org.springframework.web.filter.OncePerRequestFilter.doFilter(OncePerRequestFilter.java:119)
	at org.apache.catalina.core.ApplicationFilterChain.internalDoFilter(ApplicationFilterChain.java:193)
	at org.apache.catalina.core.ApplicationFilterChain.doFilter(ApplicationFilterChain.java:166)
	at org.apache.catalina.core.StandardWrapperValve.invoke(StandardWrapperValve.java:202)
	at org.apache.catalina.core.StandardContextValve.invoke(StandardContextValve.java:96)
	at org.apache.catalina.authenticator.AuthenticatorBase.invoke(AuthenticatorBase.java:541)
	at org.apache.catalina.core.StandardHostValve.invoke(StandardHostValve.java:139)
	at org.apache.catalina.valves.ErrorReportValve.invoke(ErrorReportValve.java:92)
	at org.apache.catalina.core.StandardEngineValve.invoke(StandardEngineValve.java:74)
	at org.apache.catalina.connector.CoyoteAdapter.service(CoyoteAdapter.java:343)
	at org.apache.coyote.http11.Http11Processor.service(Http11Processor.java:367)
	at org.apache.coyote.AbstractProcessorLight.process(AbstractProcessorLight.java:65)
	at org.apache.coyote.AbstractProtocol$ConnectionHandler.process(AbstractProtocol.java:860)
	at org.apache.tomcat.util.net.NioEndpoint$SocketProcessor.doRun(NioEndpoint.java:1598)
	at org.apache.tomcat.util.net.SocketProcessorBase.run(SocketProcessorBase.java:49)
	at java.util.concurrent.ThreadPoolExecutor.runWorker(ThreadPoolExecutor.java:1149)
	at java.util.concurrent.ThreadPoolExecutor$Worker.run(ThreadPoolExecutor.java:624)
	at org.apache.tomcat.util.threads.TaskThread$WrappingRunnable.run(TaskThread.java:61)
	at java.lang.Thread.run(Thread.java:748)
2020-02-29 14:08:21,668 [INFO] [main] com.lietou.LietouApplication [StartupInfoLogger.java : 55] Starting LietouApplication on DESKTOP-97L64NN with PID 4808 (started by zhanjia in E:\新建文件夹 (2)\lietou\headhunters)
2020-02-29 14:08:21,681 [INFO] [main] com.lietou.LietouApplication [SpringApplication.java : 651] No active profile set, falling back to default profiles: default
2020-02-29 14:08:22,625 [INFO] [main] o.s.data.repository.config.RepositoryConfigurationDelegate [RepositoryConfigurationDelegate.java : 249] Multiple Spring Data modules found, entering strict repository configuration mode!
2020-02-29 14:08:22,628 [INFO] [main] o.s.data.repository.config.RepositoryConfigurationDelegate [RepositoryConfigurationDelegate.java : 127] Bootstrapping Spring Data Redis repositories in DEFAULT mode.
2020-02-29 14:08:22,689 [INFO] [main] o.s.data.repository.config.RepositoryConfigurationDelegate [RepositoryConfigurationDelegate.java : 187] Finished Spring Data repository scanning in 42ms. Found 0 Redis repository interfaces.
2020-02-29 14:08:22,878 [INFO] [main] o.s.context.annotation.ConfigurationClassPostProcessor [ConfigurationClassPostProcessor.java : 403] Cannot enhance @Configuration bean definition 'myBatisMapperScannerConfig' since its singleton instance has been created too early. The typical cause is a non-static @Bean method with a BeanDefinitionRegistryPostProcessor return type: Consider declaring such methods as 'static'.
2020-02-29 14:08:23,145 [INFO] [main] o.s.c.s.PostProcessorRegistrationDelegate$BeanPostProcessorChecker [PostProcessorRegistrationDelegate.java : 330] Bean 'asyncConfig' of type [com.lietou.AsyncConfig$$EnhancerBySpringCGLIB$$b5e9c187] is not eligible for getting processed by all BeanPostProcessors (for example: not eligible for auto-proxying)
2020-02-29 14:08:23,213 [INFO] [main] o.s.c.s.PostProcessorRegistrationDelegate$BeanPostProcessorChecker [PostProcessorRegistrationDelegate.java : 330] Bean 'org.springframework.boot.autoconfigure.jdbc.DataSourceConfiguration$Generic' of type [org.springframework.boot.autoconfigure.jdbc.DataSourceConfiguration$Generic] is not eligible for getting processed by all BeanPostProcessors (for example: not eligible for auto-proxying)
2020-02-29 14:08:23,258 [INFO] [main] o.s.c.s.PostProcessorRegistrationDelegate$BeanPostProcessorChecker [PostProcessorRegistrationDelegate.java : 330] Bean 'spring.datasource-org.springframework.boot.autoconfigure.jdbc.DataSourceProperties' of type [org.springframework.boot.autoconfigure.jdbc.DataSourceProperties] is not eligible for getting processed by all BeanPostProcessors (for example: not eligible for auto-proxying)
2020-02-29 14:08:23,338 [INFO] [main] o.s.c.s.PostProcessorRegistrationDelegate$BeanPostProcessorChecker [PostProcessorRegistrationDelegate.java : 330] Bean 'dataSource' of type [com.alibaba.druid.pool.DruidDataSource] is not eligible for getting processed by all BeanPostProcessors (for example: not eligible for auto-proxying)
2020-02-29 14:08:23,349 [INFO] [main] o.s.c.s.PostProcessorRegistrationDelegate$BeanPostProcessorChecker [PostProcessorRegistrationDelegate.java : 330] Bean 'org.springframework.boot.autoconfigure.jdbc.DataSourceInitializerInvoker' of type [org.springframework.boot.autoconfigure.jdbc.DataSourceInitializerInvoker] is not eligible for getting processed by all BeanPostProcessors (for example: not eligible for auto-proxying)
2020-02-29 14:08:23,376 [INFO] [main] o.s.c.s.PostProcessorRegistrationDelegate$BeanPostProcessorChecker [PostProcessorRegistrationDelegate.java : 330] Bean 'myBatisConfig' of type [com.lietou.MyBatisConfig$$EnhancerBySpringCGLIB$$fbe46b1e] is not eligible for getting processed by all BeanPostProcessors (for example: not eligible for auto-proxying)
2020-02-29 14:08:23,399 [INFO] [main] o.s.c.s.PostProcessorRegistrationDelegate$BeanPostProcessorChecker [PostProcessorRegistrationDelegate.java : 330] Bean 'annotationDrivenTransactionManager' of type [org.springframework.jdbc.datasource.DataSourceTransactionManager] is not eligible for getting processed by all BeanPostProcessors (for example: not eligible for auto-proxying)
2020-02-29 14:08:23,402 [INFO] [main] o.s.c.s.PostProcessorRegistrationDelegate$BeanPostProcessorChecker [PostProcessorRegistrationDelegate.java : 330] Bean 'org.springframework.transaction.annotation.ProxyTransactionManagementConfiguration' of type [org.springframework.transaction.annotation.ProxyTransactionManagementConfiguration] is not eligible for getting processed by all BeanPostProcessors (for example: not eligible for auto-proxying)
2020-02-29 14:08:24,168 [INFO] [main] org.springframework.boot.web.embedded.tomcat.TomcatWebServer [TomcatWebServer.java : 92] Tomcat initialized with port(s): 8080 (http)
2020-02-29 14:08:24,188 [INFO] [main] org.apache.catalina.core.StandardService [DirectJDKLog.java : 173] Starting service [Tomcat]
2020-02-29 14:08:24,189 [INFO] [main] org.apache.catalina.core.StandardEngine [DirectJDKLog.java : 173] Starting Servlet engine: [Apache Tomcat/9.0.30]
2020-02-29 14:08:24,304 [INFO] [main] o.a.catalina.core.ContainerBase.[Tomcat].[localhost].[/] [DirectJDKLog.java : 173] Initializing Spring embedded WebApplicationContext
2020-02-29 14:08:24,306 [INFO] [main] org.springframework.web.context.ContextLoader [ServletWebServerApplicationContext.java : 284] Root WebApplicationContext: initialization completed in 2549 ms
2020-02-29 14:08:25,700 [INFO] [main] o.s.scheduling.concurrent.ThreadPoolTaskExecutor [ExecutorConfigurationSupport.java : 171] Initializing ExecutorService 'applicationTaskExecutor'
2020-02-29 14:08:26,218 [INFO] [main] org.springframework.boot.web.embedded.tomcat.TomcatWebServer [TomcatWebServer.java : 204] Tomcat started on port(s): 8080 (http) with context path ''
2020-02-29 14:08:26,222 [INFO] [main] com.lietou.LietouApplication [StartupInfoLogger.java : 61] Started LietouApplication in 4.999 seconds (JVM running for 5.543)
2020-02-29 14:08:38,681 [INFO] [http-nio-8080-exec-1] o.a.catalina.core.ContainerBase.[Tomcat].[localhost].[/] [DirectJDKLog.java : 173] Initializing Spring DispatcherServlet 'dispatcherServlet'
2020-02-29 14:08:38,682 [INFO] [http-nio-8080-exec-1] org.springframework.web.servlet.DispatcherServlet [FrameworkServlet.java : 525] Initializing Servlet 'dispatcherServlet'
2020-02-29 14:08:38,695 [INFO] [http-nio-8080-exec-1] org.springframework.web.servlet.DispatcherServlet [FrameworkServlet.java : 547] Completed initialization in 13 ms
2020-02-29 14:08:38,705 [INFO] [http-nio-8080-exec-1] com.lietou.filter.AuthenticationFilter [AuthenticationFilter.java : 58] /custom/getAllRemark
2020-02-29 14:08:38,971 [INFO] [http-nio-8080-exec-1] com.alibaba.druid.pool.DruidDataSource [DruidDataSource.java : 930] {dataSource-1} inited
2020-02-29 14:08:39,264 [DEBUG] [http-nio-8080-exec-1] com.lietou.mapper.RemarkMapper.getAllRemark [BaseJdbcLogger.java : 143] ==>  Preparing: select a.*,b.name from t_remark a left join t_user b ON a.creater_id=b.id where a.business_id =? and a.business_type =? and a.c_id=? order by a.id desc 
2020-02-29 14:08:39,291 [DEBUG] [http-nio-8080-exec-1] com.lietou.mapper.RemarkMapper.getAllRemark [BaseJdbcLogger.java : 143] ==> Parameters: 6(Long), custom(String), 1(Long)
2020-02-29 14:08:39,334 [DEBUG] [http-nio-8080-exec-1] com.lietou.mapper.RemarkMapper.getAllRemark [BaseJdbcLogger.java : 143] <==      Total: 3
2020-02-29 15:32:45,155 [INFO] [main] com.lietou.LietouApplication [StartupInfoLogger.java : 55] Starting LietouApplication on DESKTOP-97L64NN with PID 7400 (started by zhanjia in E:\新建文件夹 (2)\lietou\headhunters)
2020-02-29 15:32:45,163 [INFO] [main] com.lietou.LietouApplication [SpringApplication.java : 651] No active profile set, falling back to default profiles: default
2020-02-29 15:32:46,738 [INFO] [main] o.s.data.repository.config.RepositoryConfigurationDelegate [RepositoryConfigurationDelegate.java : 249] Multiple Spring Data modules found, entering strict repository configuration mode!
2020-02-29 15:32:46,744 [INFO] [main] o.s.data.repository.config.RepositoryConfigurationDelegate [RepositoryConfigurationDelegate.java : 127] Bootstrapping Spring Data Redis repositories in DEFAULT mode.
2020-02-29 15:32:46,851 [INFO] [main] o.s.data.repository.config.RepositoryConfigurationDelegate [RepositoryConfigurationDelegate.java : 187] Finished Spring Data repository scanning in 72ms. Found 0 Redis repository interfaces.
2020-02-29 15:32:47,041 [INFO] [main] o.s.context.annotation.ConfigurationClassPostProcessor [ConfigurationClassPostProcessor.java : 403] Cannot enhance @Configuration bean definition 'myBatisMapperScannerConfig' since its singleton instance has been created too early. The typical cause is a non-static @Bean method with a BeanDefinitionRegistryPostProcessor return type: Consider declaring such methods as 'static'.
2020-02-29 15:32:47,391 [INFO] [main] o.s.c.s.PostProcessorRegistrationDelegate$BeanPostProcessorChecker [PostProcessorRegistrationDelegate.java : 330] Bean 'asyncConfig' of type [com.lietou.AsyncConfig$$EnhancerBySpringCGLIB$$b862fe02] is not eligible for getting processed by all BeanPostProcessors (for example: not eligible for auto-proxying)
2020-02-29 15:32:47,496 [INFO] [main] o.s.c.s.PostProcessorRegistrationDelegate$BeanPostProcessorChecker [PostProcessorRegistrationDelegate.java : 330] Bean 'org.springframework.boot.autoconfigure.jdbc.DataSourceConfiguration$Generic' of type [org.springframework.boot.autoconfigure.jdbc.DataSourceConfiguration$Generic] is not eligible for getting processed by all BeanPostProcessors (for example: not eligible for auto-proxying)
2020-02-29 15:32:47,558 [INFO] [main] o.s.c.s.PostProcessorRegistrationDelegate$BeanPostProcessorChecker [PostProcessorRegistrationDelegate.java : 330] Bean 'spring.datasource-org.springframework.boot.autoconfigure.jdbc.DataSourceProperties' of type [org.springframework.boot.autoconfigure.jdbc.DataSourceProperties] is not eligible for getting processed by all BeanPostProcessors (for example: not eligible for auto-proxying)
2020-02-29 15:32:47,665 [INFO] [main] o.s.c.s.PostProcessorRegistrationDelegate$BeanPostProcessorChecker [PostProcessorRegistrationDelegate.java : 330] Bean 'dataSource' of type [com.alibaba.druid.pool.DruidDataSource] is not eligible for getting processed by all BeanPostProcessors (for example: not eligible for auto-proxying)
2020-02-29 15:32:47,675 [INFO] [main] o.s.c.s.PostProcessorRegistrationDelegate$BeanPostProcessorChecker [PostProcessorRegistrationDelegate.java : 330] Bean 'org.springframework.boot.autoconfigure.jdbc.DataSourceInitializerInvoker' of type [org.springframework.boot.autoconfigure.jdbc.DataSourceInitializerInvoker] is not eligible for getting processed by all BeanPostProcessors (for example: not eligible for auto-proxying)
2020-02-29 15:32:47,701 [INFO] [main] o.s.c.s.PostProcessorRegistrationDelegate$BeanPostProcessorChecker [PostProcessorRegistrationDelegate.java : 330] Bean 'myBatisConfig' of type [com.lietou.MyBatisConfig$$EnhancerBySpringCGLIB$$fe5da799] is not eligible for getting processed by all BeanPostProcessors (for example: not eligible for auto-proxying)
2020-02-29 15:32:47,727 [INFO] [main] o.s.c.s.PostProcessorRegistrationDelegate$BeanPostProcessorChecker [PostProcessorRegistrationDelegate.java : 330] Bean 'annotationDrivenTransactionManager' of type [org.springframework.jdbc.datasource.DataSourceTransactionManager] is not eligible for getting processed by all BeanPostProcessors (for example: not eligible for auto-proxying)
2020-02-29 15:32:47,730 [INFO] [main] o.s.c.s.PostProcessorRegistrationDelegate$BeanPostProcessorChecker [PostProcessorRegistrationDelegate.java : 330] Bean 'org.springframework.transaction.annotation.ProxyTransactionManagementConfiguration' of type [org.springframework.transaction.annotation.ProxyTransactionManagementConfiguration] is not eligible for getting processed by all BeanPostProcessors (for example: not eligible for auto-proxying)
2020-02-29 15:32:48,956 [INFO] [main] org.springframework.boot.web.embedded.tomcat.TomcatWebServer [TomcatWebServer.java : 92] Tomcat initialized with port(s): 8080 (http)
2020-02-29 15:32:48,977 [INFO] [main] org.apache.catalina.core.StandardService [DirectJDKLog.java : 173] Starting service [Tomcat]
2020-02-29 15:32:48,978 [INFO] [main] org.apache.catalina.core.StandardEngine [DirectJDKLog.java : 173] Starting Servlet engine: [Apache Tomcat/9.0.30]
2020-02-29 15:32:49,125 [INFO] [main] o.a.catalina.core.ContainerBase.[Tomcat].[localhost].[/] [DirectJDKLog.java : 173] Initializing Spring embedded WebApplicationContext
2020-02-29 15:32:49,125 [INFO] [main] org.springframework.web.context.ContextLoader [ServletWebServerApplicationContext.java : 284] Root WebApplicationContext: initialization completed in 3897 ms
2020-02-29 15:32:51,219 [INFO] [main] o.s.scheduling.concurrent.ThreadPoolTaskExecutor [ExecutorConfigurationSupport.java : 171] Initializing ExecutorService 'applicationTaskExecutor'
2020-02-29 15:32:52,030 [INFO] [main] org.springframework.boot.web.embedded.tomcat.TomcatWebServer [TomcatWebServer.java : 204] Tomcat started on port(s): 8080 (http) with context path ''
2020-02-29 15:32:52,035 [INFO] [main] com.lietou.LietouApplication [StartupInfoLogger.java : 61] Started LietouApplication in 7.559 seconds (JVM running for 8.259)
2020-02-29 15:33:33,011 [INFO] [http-nio-8080-exec-2] o.a.catalina.core.ContainerBase.[Tomcat].[localhost].[/] [DirectJDKLog.java : 173] Initializing Spring DispatcherServlet 'dispatcherServlet'
2020-02-29 15:33:33,012 [INFO] [http-nio-8080-exec-2] org.springframework.web.servlet.DispatcherServlet [FrameworkServlet.java : 525] Initializing Servlet 'dispatcherServlet'
2020-02-29 15:33:33,019 [INFO] [http-nio-8080-exec-2] org.springframework.web.servlet.DispatcherServlet [FrameworkServlet.java : 547] Completed initialization in 7 ms
2020-02-29 15:33:33,030 [INFO] [http-nio-8080-exec-2] com.lietou.filter.AuthenticationFilter [AuthenticationFilter.java : 58] /contract/add
2020-02-29 15:33:33,418 [INFO] [http-nio-8080-exec-2] com.alibaba.druid.pool.DruidDataSource [DruidDataSource.java : 930] {dataSource-1} inited
2020-02-29 15:33:33,855 [DEBUG] [http-nio-8080-exec-2] com.lietou.mapper.ContractMapper.insertSelective [BaseJdbcLogger.java : 143] ==>  Preparing: insert into t_contract ( customer_id, start_date, end_date, invoice_title, fee_structure, probation, contract_name, contract_number, create_time, creater_id, reminded_or, reminded_type, c_id, remark ) values ( ?, ?, ?, ?, ?, ?, ?, ?, ?, ?, ?, ?, ?, ? ) 
2020-02-29 15:33:33,993 [DEBUG] [http-nio-8080-exec-2] com.lietou.mapper.ContractMapper.insertSelective [BaseJdbcLogger.java : 143] ==> Parameters: 6(Long), 20200229(String), 20200329(String), 发票抬头(String), 收费标准(String), 1月(String), 合同名称(String), 流水号(String), 20200229153333(String), 1(Long), 1;2(String), 提前一个月(String), 1(Long), 备注(String)
2020-02-29 15:33:34,041 [DEBUG] [http-nio-8080-exec-2] com.lietou.mapper.ContractMapper.insertSelective [BaseJdbcLogger.java : 143] <==    Updates: 1
2020-02-29 15:33:34,046 [DEBUG] [http-nio-8080-exec-2] com.lietou.mapper.ContractMapper.insertSelective!selectKey [BaseJdbcLogger.java : 143] ==>  Preparing: SELECT LAST_INSERT_ID() 
2020-02-29 15:33:34,048 [DEBUG] [http-nio-8080-exec-2] com.lietou.mapper.ContractMapper.insertSelective!selectKey [BaseJdbcLogger.java : 143] ==> Parameters: 
2020-02-29 15:33:34,115 [DEBUG] [http-nio-8080-exec-2] com.lietou.mapper.ContractMapper.insertSelective!selectKey [BaseJdbcLogger.java : 143] <==      Total: 1
2020-02-29 15:40:23,980 [INFO] [main] com.lietou.LietouApplication [StartupInfoLogger.java : 55] Starting LietouApplication on DESKTOP-97L64NN with PID 23928 (started by zhanjia in E:\新建文件夹 (2)\lietou\headhunters)
2020-02-29 15:40:23,988 [INFO] [main] com.lietou.LietouApplication [SpringApplication.java : 651] No active profile set, falling back to default profiles: default
2020-02-29 15:40:25,513 [INFO] [main] o.s.data.repository.config.RepositoryConfigurationDelegate [RepositoryConfigurationDelegate.java : 249] Multiple Spring Data modules found, entering strict repository configuration mode!
2020-02-29 15:40:25,519 [INFO] [main] o.s.data.repository.config.RepositoryConfigurationDelegate [RepositoryConfigurationDelegate.java : 127] Bootstrapping Spring Data Redis repositories in DEFAULT mode.
2020-02-29 15:40:25,602 [INFO] [main] o.s.data.repository.config.RepositoryConfigurationDelegate [RepositoryConfigurationDelegate.java : 187] Finished Spring Data repository scanning in 59ms. Found 0 Redis repository interfaces.
2020-02-29 15:40:25,789 [INFO] [main] o.s.context.annotation.ConfigurationClassPostProcessor [ConfigurationClassPostProcessor.java : 403] Cannot enhance @Configuration bean definition 'myBatisMapperScannerConfig' since its singleton instance has been created too early. The typical cause is a non-static @Bean method with a BeanDefinitionRegistryPostProcessor return type: Consider declaring such methods as 'static'.
2020-02-29 15:40:26,143 [INFO] [main] o.s.c.s.PostProcessorRegistrationDelegate$BeanPostProcessorChecker [PostProcessorRegistrationDelegate.java : 330] Bean 'asyncConfig' of type [com.lietou.AsyncConfig$$EnhancerBySpringCGLIB$$8cf19a3a] is not eligible for getting processed by all BeanPostProcessors (for example: not eligible for auto-proxying)
2020-02-29 15:40:26,263 [INFO] [main] o.s.c.s.PostProcessorRegistrationDelegate$BeanPostProcessorChecker [PostProcessorRegistrationDelegate.java : 330] Bean 'org.springframework.boot.autoconfigure.jdbc.DataSourceConfiguration$Generic' of type [org.springframework.boot.autoconfigure.jdbc.DataSourceConfiguration$Generic] is not eligible for getting processed by all BeanPostProcessors (for example: not eligible for auto-proxying)
2020-02-29 15:40:26,329 [INFO] [main] o.s.c.s.PostProcessorRegistrationDelegate$BeanPostProcessorChecker [PostProcessorRegistrationDelegate.java : 330] Bean 'spring.datasource-org.springframework.boot.autoconfigure.jdbc.DataSourceProperties' of type [org.springframework.boot.autoconfigure.jdbc.DataSourceProperties] is not eligible for getting processed by all BeanPostProcessors (for example: not eligible for auto-proxying)
2020-02-29 15:40:26,444 [INFO] [main] o.s.c.s.PostProcessorRegistrationDelegate$BeanPostProcessorChecker [PostProcessorRegistrationDelegate.java : 330] Bean 'dataSource' of type [com.alibaba.druid.pool.DruidDataSource] is not eligible for getting processed by all BeanPostProcessors (for example: not eligible for auto-proxying)
2020-02-29 15:40:26,457 [INFO] [main] o.s.c.s.PostProcessorRegistrationDelegate$BeanPostProcessorChecker [PostProcessorRegistrationDelegate.java : 330] Bean 'org.springframework.boot.autoconfigure.jdbc.DataSourceInitializerInvoker' of type [org.springframework.boot.autoconfigure.jdbc.DataSourceInitializerInvoker] is not eligible for getting processed by all BeanPostProcessors (for example: not eligible for auto-proxying)
2020-02-29 15:40:26,485 [INFO] [main] o.s.c.s.PostProcessorRegistrationDelegate$BeanPostProcessorChecker [PostProcessorRegistrationDelegate.java : 330] Bean 'myBatisConfig' of type [com.lietou.MyBatisConfig$$EnhancerBySpringCGLIB$$d2ec43d1] is not eligible for getting processed by all BeanPostProcessors (for example: not eligible for auto-proxying)
2020-02-29 15:40:26,511 [INFO] [main] o.s.c.s.PostProcessorRegistrationDelegate$BeanPostProcessorChecker [PostProcessorRegistrationDelegate.java : 330] Bean 'annotationDrivenTransactionManager' of type [org.springframework.jdbc.datasource.DataSourceTransactionManager] is not eligible for getting processed by all BeanPostProcessors (for example: not eligible for auto-proxying)
2020-02-29 15:40:26,516 [INFO] [main] o.s.c.s.PostProcessorRegistrationDelegate$BeanPostProcessorChecker [PostProcessorRegistrationDelegate.java : 330] Bean 'org.springframework.transaction.annotation.ProxyTransactionManagementConfiguration' of type [org.springframework.transaction.annotation.ProxyTransactionManagementConfiguration] is not eligible for getting processed by all BeanPostProcessors (for example: not eligible for auto-proxying)
2020-02-29 15:40:27,600 [INFO] [main] org.springframework.boot.web.embedded.tomcat.TomcatWebServer [TomcatWebServer.java : 92] Tomcat initialized with port(s): 8080 (http)
2020-02-29 15:40:27,613 [INFO] [main] org.apache.catalina.core.StandardService [DirectJDKLog.java : 173] Starting service [Tomcat]
2020-02-29 15:40:27,614 [INFO] [main] org.apache.catalina.core.StandardEngine [DirectJDKLog.java : 173] Starting Servlet engine: [Apache Tomcat/9.0.30]
2020-02-29 15:40:27,768 [INFO] [main] o.a.catalina.core.ContainerBase.[Tomcat].[localhost].[/] [DirectJDKLog.java : 173] Initializing Spring embedded WebApplicationContext
2020-02-29 15:40:27,768 [INFO] [main] org.springframework.web.context.ContextLoader [ServletWebServerApplicationContext.java : 284] Root WebApplicationContext: initialization completed in 3684 ms
2020-02-29 15:40:29,787 [INFO] [main] o.s.scheduling.concurrent.ThreadPoolTaskExecutor [ExecutorConfigurationSupport.java : 171] Initializing ExecutorService 'applicationTaskExecutor'
2020-02-29 15:40:30,461 [INFO] [main] org.springframework.boot.web.embedded.tomcat.TomcatWebServer [TomcatWebServer.java : 204] Tomcat started on port(s): 8080 (http) with context path ''
2020-02-29 15:40:30,465 [INFO] [main] com.lietou.LietouApplication [StartupInfoLogger.java : 61] Started LietouApplication in 7.094 seconds (JVM running for 7.798)
2020-02-29 15:40:48,986 [INFO] [http-nio-8080-exec-1] o.a.catalina.core.ContainerBase.[Tomcat].[localhost].[/] [DirectJDKLog.java : 173] Initializing Spring DispatcherServlet 'dispatcherServlet'
2020-02-29 15:40:48,987 [INFO] [http-nio-8080-exec-1] org.springframework.web.servlet.DispatcherServlet [FrameworkServlet.java : 525] Initializing Servlet 'dispatcherServlet'
2020-02-29 15:40:48,994 [INFO] [http-nio-8080-exec-1] org.springframework.web.servlet.DispatcherServlet [FrameworkServlet.java : 547] Completed initialization in 7 ms
2020-02-29 15:40:49,003 [INFO] [http-nio-8080-exec-1] com.lietou.filter.AuthenticationFilter [AuthenticationFilter.java : 58] /contract/add
2020-02-29 15:40:49,253 [INFO] [http-nio-8080-exec-1] com.alibaba.druid.pool.DruidDataSource [DruidDataSource.java : 930] {dataSource-1} inited
2020-02-29 15:40:49,714 [DEBUG] [http-nio-8080-exec-1] com.lietou.mapper.ContractMapper.insertSelective [BaseJdbcLogger.java : 143] ==>  Preparing: insert into t_contract ( customer_id, start_date, end_date, invoice_title, fee_structure, probation, contract_name, contract_number, create_time, creater_id, reminded_or, reminded_type, c_id, remark ) values ( ?, ?, ?, ?, ?, ?, ?, ?, ?, ?, ?, ?, ?, ? ) 
2020-02-29 15:40:49,764 [DEBUG] [http-nio-8080-exec-1] com.lietou.mapper.ContractMapper.insertSelective [BaseJdbcLogger.java : 143] ==> Parameters: 6(Long), 20200229(String), 20200329(String), 发票抬2头(String), 收费标准(String), 1月(String), 合同名称2(String), 流水号(String), 20200229154049(String), 1(Long), 1;2(String), 提前一个月(String), 1(Long), 备注(String)
2020-02-29 15:40:49,791 [DEBUG] [http-nio-8080-exec-1] com.lietou.mapper.ContractMapper.insertSelective [BaseJdbcLogger.java : 143] <==    Updates: 1
2020-02-29 15:40:49,796 [DEBUG] [http-nio-8080-exec-1] com.lietou.mapper.ContractMapper.insertSelective!selectKey [BaseJdbcLogger.java : 143] ==>  Preparing: SELECT LAST_INSERT_ID() 
2020-02-29 15:40:49,797 [DEBUG] [http-nio-8080-exec-1] com.lietou.mapper.ContractMapper.insertSelective!selectKey [BaseJdbcLogger.java : 143] ==> Parameters: 
2020-02-29 15:40:49,844 [DEBUG] [http-nio-8080-exec-1] com.lietou.mapper.ContractMapper.insertSelective!selectKey [BaseJdbcLogger.java : 143] <==      Total: 1
2020-02-29 15:40:49,847 [DEBUG] [http-nio-8080-exec-1] com.lietou.mapper.ContractMapper.resetContractCount [BaseJdbcLogger.java : 143] ==>  Preparing: update t_custom set contract_count = (select count(1) from t_contract where customer_id=? and c_id=? ) where id= ? 
2020-02-29 15:40:49,848 [DEBUG] [http-nio-8080-exec-1] com.lietou.mapper.ContractMapper.resetContractCount [BaseJdbcLogger.java : 143] ==> Parameters: 6(Long), 1(Long), 6(Long)
2020-02-29 15:40:49,876 [DEBUG] [http-nio-8080-exec-1] com.lietou.mapper.ContractMapper.resetContractCount [BaseJdbcLogger.java : 143] <==    Updates: 1
2020-02-29 15:41:54,577 [INFO] [http-nio-8080-exec-5] com.lietou.filter.AuthenticationFilter [AuthenticationFilter.java : 58] /contract/modify
2020-02-29 15:41:54,604 [DEBUG] [http-nio-8080-exec-5] com.lietou.mapper.ContractMapper.updateByPrimaryKeySelective [BaseJdbcLogger.java : 143] ==>  Preparing: update t_contract SET customer_id = ?, start_date = ?, end_date = ?, invoice_title = ?, fee_structure = ?, probation = ?, contract_name = ?, contract_number = ?, reminded_or = ?, reminded_type = ?, remark = ? where id = ? 
2020-02-29 15:41:54,605 [DEBUG] [http-nio-8080-exec-5] com.lietou.mapper.ContractMapper.updateByPrimaryKeySelective [BaseJdbcLogger.java : 143] ==> Parameters: 6(Long), 20200229(String), 20200329(String), 发票抬2头(String), 收费标准(String), 1月(String), 合同名称修改(String), 流水号(String), 1;2(String), 提前一个月(String), 备注(String), 1(Long)
2020-02-29 15:41:54,635 [DEBUG] [http-nio-8080-exec-5] com.lietou.mapper.ContractMapper.updateByPrimaryKeySelective [BaseJdbcLogger.java : 143] <==    Updates: 1
2020-02-29 15:44:26,101 [INFO] [http-nio-8080-exec-8] com.lietou.filter.AuthenticationFilter [AuthenticationFilter.java : 58] /contract/getById/1
2020-02-29 15:44:26,130 [DEBUG] [http-nio-8080-exec-8] com.lietou.mapper.ContractMapper.getById [BaseJdbcLogger.java : 143] ==>  Preparing: SELECT * FROM t_contract a where id=? and c_id=? 
2020-02-29 15:44:26,132 [DEBUG] [http-nio-8080-exec-8] com.lietou.mapper.ContractMapper.getById [BaseJdbcLogger.java : 143] ==> Parameters: 1(Long), 1(Long)
2020-02-29 15:44:26,151 [DEBUG] [http-nio-8080-exec-8] com.lietou.mapper.ContractMapper.getById [BaseJdbcLogger.java : 143] <==      Total: 1
2020-02-29 15:45:27,751 [INFO] [http-nio-8080-exec-2] com.lietou.filter.AuthenticationFilter [AuthenticationFilter.java : 58] /contract/getList
2020-02-29 15:45:27,775 [DEBUG] [http-nio-8080-exec-2] com.lietou.mapper.ContractMapper.countList [BaseJdbcLogger.java : 143] ==>  Preparing: SELECT count(1) FROM t_contract where customer_id =? and c_id=? 
2020-02-29 15:45:27,775 [DEBUG] [http-nio-8080-exec-2] com.lietou.mapper.ContractMapper.countList [BaseJdbcLogger.java : 143] ==> Parameters: 6(Long), 1(Long)
2020-02-29 15:45:27,789 [DEBUG] [http-nio-8080-exec-2] com.lietou.mapper.ContractMapper.countList [BaseJdbcLogger.java : 143] <==      Total: 1
2020-02-29 15:45:27,791 [DEBUG] [http-nio-8080-exec-2] com.lietou.mapper.ContractMapper.getList [BaseJdbcLogger.java : 143] ==>  Preparing: SELECT * FROM t_contract a where a.customer_id =? and a.c_id=? order by a.create_time desc limit ?,? 
2020-02-29 15:45:27,792 [DEBUG] [http-nio-8080-exec-2] com.lietou.mapper.ContractMapper.getList [BaseJdbcLogger.java : 143] ==> Parameters: 6(Long), 1(Long), 0(Integer), 10(Integer)
2020-02-29 15:45:27,817 [DEBUG] [http-nio-8080-exec-2] com.lietou.mapper.ContractMapper.getList [BaseJdbcLogger.java : 143] <==      Total: 2
2020-02-29 15:46:47,780 [INFO] [http-nio-8080-exec-4] com.lietou.filter.AuthenticationFilter [AuthenticationFilter.java : 58] /contract/deleteByIds
2020-02-29 15:46:47,814 [DEBUG] [http-nio-8080-exec-4] com.lietou.mapper.ContractMapper.deleteByIds [BaseJdbcLogger.java : 143] ==>  Preparing: delete from t_contract where customer_id =? and c_id=? and id in ( ? ) 
2020-02-29 15:46:47,815 [DEBUG] [http-nio-8080-exec-4] com.lietou.mapper.ContractMapper.deleteByIds [BaseJdbcLogger.java : 143] ==> Parameters: 6(Long), 1(Long), 1(Long)
2020-02-29 15:46:47,851 [DEBUG] [http-nio-8080-exec-4] com.lietou.mapper.ContractMapper.deleteByIds [BaseJdbcLogger.java : 143] <==    Updates: 1
2020-02-29 15:46:47,852 [DEBUG] [http-nio-8080-exec-4] com.lietou.mapper.ContractMapper.resetContractCount [BaseJdbcLogger.java : 143] ==>  Preparing: update t_custom set contract_count = (select count(1) from t_contract where customer_id=? and c_id=? ) where id= ? 
2020-02-29 15:46:47,854 [DEBUG] [http-nio-8080-exec-4] com.lietou.mapper.ContractMapper.resetContractCount [BaseJdbcLogger.java : 143] ==> Parameters: 6(Long), 1(Long), 6(Long)
2020-02-29 15:46:47,882 [DEBUG] [http-nio-8080-exec-4] com.lietou.mapper.ContractMapper.resetContractCount [BaseJdbcLogger.java : 143] <==    Updates: 1
