2020-03-01 18:36:11,618 [INFO] [main] com.lietou.LietouApplication [StartupInfoLogger.java : 55] Starting LietouApplication on DESKTOP-97L64NN with PID 3548 (started by zhanjia in E:\新建文件夹 (2)\lietou\headhunters)
2020-03-01 18:36:11,651 [INFO] [main] com.lietou.LietouApplication [SpringApplication.java : 651] No active profile set, falling back to default profiles: default
2020-03-01 18:36:13,742 [INFO] [main] o.s.data.repository.config.RepositoryConfigurationDelegate [RepositoryConfigurationDelegate.java : 249] Multiple Spring Data modules found, entering strict repository configuration mode!
2020-03-01 18:36:13,747 [INFO] [main] o.s.data.repository.config.RepositoryConfigurationDelegate [RepositoryConfigurationDelegate.java : 127] Bootstrapping Spring Data Redis repositories in DEFAULT mode.
2020-03-01 18:36:13,822 [INFO] [main] o.s.data.repository.config.RepositoryConfigurationDelegate [RepositoryConfigurationDelegate.java : 187] Finished Spring Data repository scanning in 56ms. Found 0 Redis repository interfaces.
2020-03-01 18:36:13,962 [INFO] [main] o.s.context.annotation.ConfigurationClassPostProcessor [ConfigurationClassPostProcessor.java : 403] Cannot enhance @Configuration bean definition 'myBatisMapperScannerConfig' since its singleton instance has been created too early. The typical cause is a non-static @Bean method with a BeanDefinitionRegistryPostProcessor return type: Consider declaring such methods as 'static'.
2020-03-01 18:36:14,178 [INFO] [main] o.s.c.s.PostProcessorRegistrationDelegate$BeanPostProcessorChecker [PostProcessorRegistrationDelegate.java : 330] Bean 'asyncConfig' of type [com.lietou.AsyncConfig$$EnhancerBySpringCGLIB$$f103ca2c] is not eligible for getting processed by all BeanPostProcessors (for example: not eligible for auto-proxying)
2020-03-01 18:36:14,242 [INFO] [main] o.s.c.s.PostProcessorRegistrationDelegate$BeanPostProcessorChecker [PostProcessorRegistrationDelegate.java : 330] Bean 'org.springframework.boot.autoconfigure.jdbc.DataSourceConfiguration$Generic' of type [org.springframework.boot.autoconfigure.jdbc.DataSourceConfiguration$Generic] is not eligible for getting processed by all BeanPostProcessors (for example: not eligible for auto-proxying)
2020-03-01 18:36:14,274 [INFO] [main] o.s.c.s.PostProcessorRegistrationDelegate$BeanPostProcessorChecker [PostProcessorRegistrationDelegate.java : 330] Bean 'spring.datasource-org.springframework.boot.autoconfigure.jdbc.DataSourceProperties' of type [org.springframework.boot.autoconfigure.jdbc.DataSourceProperties] is not eligible for getting processed by all BeanPostProcessors (for example: not eligible for auto-proxying)
2020-03-01 18:36:14,334 [INFO] [main] o.s.c.s.PostProcessorRegistrationDelegate$BeanPostProcessorChecker [PostProcessorRegistrationDelegate.java : 330] Bean 'dataSource' of type [com.alibaba.druid.pool.DruidDataSource] is not eligible for getting processed by all BeanPostProcessors (for example: not eligible for auto-proxying)
2020-03-01 18:36:14,342 [INFO] [main] o.s.c.s.PostProcessorRegistrationDelegate$BeanPostProcessorChecker [PostProcessorRegistrationDelegate.java : 330] Bean 'org.springframework.boot.autoconfigure.jdbc.DataSourceInitializerInvoker' of type [org.springframework.boot.autoconfigure.jdbc.DataSourceInitializerInvoker] is not eligible for getting processed by all BeanPostProcessors (for example: not eligible for auto-proxying)
2020-03-01 18:36:14,360 [INFO] [main] o.s.c.s.PostProcessorRegistrationDelegate$BeanPostProcessorChecker [PostProcessorRegistrationDelegate.java : 330] Bean 'myBatisConfig' of type [com.lietou.MyBatisConfig$$EnhancerBySpringCGLIB$$36fe73c3] is not eligible for getting processed by all BeanPostProcessors (for example: not eligible for auto-proxying)
2020-03-01 18:36:14,370 [INFO] [main] o.s.c.s.PostProcessorRegistrationDelegate$BeanPostProcessorChecker [PostProcessorRegistrationDelegate.java : 330] Bean 'annotationDrivenTransactionManager' of type [org.springframework.jdbc.datasource.DataSourceTransactionManager] is not eligible for getting processed by all BeanPostProcessors (for example: not eligible for auto-proxying)
2020-03-01 18:36:14,374 [INFO] [main] o.s.c.s.PostProcessorRegistrationDelegate$BeanPostProcessorChecker [PostProcessorRegistrationDelegate.java : 330] Bean 'org.springframework.transaction.annotation.ProxyTransactionManagementConfiguration' of type [org.springframework.transaction.annotation.ProxyTransactionManagementConfiguration] is not eligible for getting processed by all BeanPostProcessors (for example: not eligible for auto-proxying)
2020-03-01 18:36:15,225 [INFO] [main] org.springframework.boot.web.embedded.tomcat.TomcatWebServer [TomcatWebServer.java : 92] Tomcat initialized with port(s): 8080 (http)
2020-03-01 18:36:15,237 [INFO] [main] org.apache.catalina.core.StandardService [DirectJDKLog.java : 173] Starting service [Tomcat]
2020-03-01 18:36:15,238 [INFO] [main] org.apache.catalina.core.StandardEngine [DirectJDKLog.java : 173] Starting Servlet engine: [Apache Tomcat/9.0.30]
2020-03-01 18:36:15,966 [INFO] [main] o.a.catalina.core.ContainerBase.[Tomcat].[localhost].[/] [DirectJDKLog.java : 173] Initializing Spring embedded WebApplicationContext
2020-03-01 18:36:15,971 [INFO] [main] org.springframework.web.context.ContextLoader [ServletWebServerApplicationContext.java : 284] Root WebApplicationContext: initialization completed in 4227 ms
2020-03-01 18:36:17,460 [INFO] [main] o.s.scheduling.concurrent.ThreadPoolTaskExecutor [ExecutorConfigurationSupport.java : 171] Initializing ExecutorService 'applicationTaskExecutor'
2020-03-01 18:36:17,845 [INFO] [main] org.springframework.boot.web.embedded.tomcat.TomcatWebServer [TomcatWebServer.java : 204] Tomcat started on port(s): 8080 (http) with context path ''
2020-03-01 18:36:17,847 [INFO] [main] com.lietou.LietouApplication [StartupInfoLogger.java : 61] Started LietouApplication in 6.708 seconds (JVM running for 11.346)
2020-03-01 18:36:26,321 [INFO] [http-nio-8080-exec-1] o.a.catalina.core.ContainerBase.[Tomcat].[localhost].[/] [DirectJDKLog.java : 173] Initializing Spring DispatcherServlet 'dispatcherServlet'
2020-03-01 18:36:26,322 [INFO] [http-nio-8080-exec-1] org.springframework.web.servlet.DispatcherServlet [FrameworkServlet.java : 525] Initializing Servlet 'dispatcherServlet'
2020-03-01 18:36:26,337 [INFO] [http-nio-8080-exec-1] org.springframework.web.servlet.DispatcherServlet [FrameworkServlet.java : 547] Completed initialization in 14 ms
2020-03-01 18:36:26,350 [INFO] [http-nio-8080-exec-1] com.lietou.filter.AuthenticationFilter [AuthenticationFilter.java : 58] /contract/getList
2020-03-01 18:36:26,775 [INFO] [http-nio-8080-exec-1] com.alibaba.druid.pool.DruidDataSource [DruidDataSource.java : 930] {dataSource-1} inited
2020-03-01 18:36:28,544 [DEBUG] [http-nio-8080-exec-1] com.lietou.mapper.ContractMapper.countList [BaseJdbcLogger.java : 143] ==>  Preparing: SELECT count(1) FROM t_contract where customer_id =? and c_id=? 
2020-03-01 18:36:28,592 [DEBUG] [http-nio-8080-exec-1] com.lietou.mapper.ContractMapper.countList [BaseJdbcLogger.java : 143] ==> Parameters: 6(Long), 1(Long)
2020-03-01 18:36:28,656 [DEBUG] [http-nio-8080-exec-1] com.lietou.mapper.ContractMapper.countList [BaseJdbcLogger.java : 143] <==      Total: 1
2020-03-01 18:36:28,659 [DEBUG] [http-nio-8080-exec-1] com.lietou.mapper.ContractMapper.getList [BaseJdbcLogger.java : 143] ==>  Preparing: SELECT * FROM t_contract a where a.customer_id =? and a.c_id=? order by a.create_time desc limit ?,? 
2020-03-01 18:36:28,659 [DEBUG] [http-nio-8080-exec-1] com.lietou.mapper.ContractMapper.getList [BaseJdbcLogger.java : 143] ==> Parameters: 6(Long), 1(Long), 0(Integer), 10(Integer)
2020-03-01 18:36:28,679 [DEBUG] [http-nio-8080-exec-1] com.lietou.mapper.ContractMapper.getList [BaseJdbcLogger.java : 143] <==      Total: 1
2020-03-01 18:36:32,663 [INFO] [http-nio-8080-exec-3] com.lietou.filter.AuthenticationFilter [AuthenticationFilter.java : 58] /contract/getList
2020-03-01 18:36:32,664 [DEBUG] [http-nio-8080-exec-3] com.lietou.mapper.ContractMapper.countList [BaseJdbcLogger.java : 143] ==>  Preparing: SELECT count(1) FROM t_contract where customer_id =? and c_id=? 
2020-03-01 18:36:32,665 [DEBUG] [http-nio-8080-exec-3] com.lietou.mapper.ContractMapper.countList [BaseJdbcLogger.java : 143] ==> Parameters: 6(Long), 1(Long)
2020-03-01 18:36:32,683 [DEBUG] [http-nio-8080-exec-3] com.lietou.mapper.ContractMapper.countList [BaseJdbcLogger.java : 143] <==      Total: 1
2020-03-01 18:36:32,683 [DEBUG] [http-nio-8080-exec-3] com.lietou.mapper.ContractMapper.getList [BaseJdbcLogger.java : 143] ==>  Preparing: SELECT * FROM t_contract a where a.customer_id =? and a.c_id=? order by a.create_time desc limit ?,? 
2020-03-01 18:36:32,683 [DEBUG] [http-nio-8080-exec-3] com.lietou.mapper.ContractMapper.getList [BaseJdbcLogger.java : 143] ==> Parameters: 6(Long), 1(Long), 0(Integer), 10(Integer)
2020-03-01 18:36:32,701 [DEBUG] [http-nio-8080-exec-3] com.lietou.mapper.ContractMapper.getList [BaseJdbcLogger.java : 143] <==      Total: 1
